travis_fold:start:worker_info[0K[33;1mWorker information[0m
hostname: b6511899-9a25-483b-a22e-f08830a0482d@1.production-2-worker-org-gce-vf1k
version: v6.2.0 https://github.com/travis-ci/worker/tree/5e5476e01646095f48eec13196fdb3faf8f5cbf7
instance: travis-job-08f586b6-b0e1-4fe0-924a-3440035f5484 travis-ci-garnet-trusty-1512502259-986baf0 (via amqp)
startup: 6.407959839s
travis_fold:end:worker_info[0Ktravis_fold:start:system_info[0K[33;1mBuild system information[0m
Build language: cpp
Build group: stable
Build dist: trusty
Build id: 520679201
Job id: 520679202
Runtime kernel version: 4.4.0-101-generic
travis-build version: 9b2b201a2
[34m[1mBuild image provisioning date and time[0m
Tue Dec  5 19:58:13 UTC 2017
[34m[1mOperating System Details[0m
Distributor ID:	Ubuntu
Description:	Ubuntu 14.04.5 LTS
Release:	14.04
Codename:	trusty
[34m[1mCookbooks Version[0m
7c2c6a6 https://github.com/travis-ci/travis-cookbooks/tree/7c2c6a6
[34m[1mgit version[0m
git version 2.15.1
[34m[1mbash version[0m
GNU bash, version 4.3.11(1)-release (x86_64-pc-linux-gnu)
[34m[1mgcc version[0m
gcc (Ubuntu 4.8.4-2ubuntu1~14.04.3) 4.8.4
Copyright (C) 2013 Free Software Foundation, Inc.
This is free software; see the source for copying conditions.  There is NO
warranty; not even for MERCHANTABILITY or FITNESS FOR A PARTICULAR PURPOSE.

[34m[1mdocker version[0m
Client:
 Version:      17.09.0-ce
 API version:  1.32
 Go version:   go1.8.3
 Git commit:   afdb6d4
 Built:        Tue Sep 26 22:42:38 2017
 OS/Arch:      linux/amd64

Server:
 Version:      17.09.0-ce
 API version:  1.32 (minimum version 1.12)
 Go version:   go1.8.3
 Git commit:   afdb6d4
 Built:        Tue Sep 26 22:41:20 2017
 OS/Arch:      linux/amd64
 Experimental: false
[34m[1mclang version[0m
clang version 5.0.0 (tags/RELEASE_500/final)
Target: x86_64-unknown-linux-gnu
Thread model: posix
InstalledDir: /usr/local/clang-5.0.0/bin
[34m[1mjq version[0m
jq-1.5
[34m[1mbats version[0m
Bats 0.4.0
[34m[1mshellcheck version[0m
0.4.6
[34m[1mshfmt version[0m
v2.0.0
[34m[1mccache version[0m
ccache version 3.1.9

Copyright (C) 2002-2007 Andrew Tridgell
Copyright (C) 2009-2011 Joel Rosdahl

This program is free software; you can redistribute it and/or modify it under
the terms of the GNU General Public License as published by the Free Software
Foundation; either version 3 of the License, or (at your option) any later
version.
[34m[1mcmake version[0m
cmake version 3.9.2

CMake suite maintained and supported by Kitware (kitware.com/cmake).
[34m[1mheroku version[0m
heroku-cli/6.14.39-addc925 (linux-x64) node-v9.2.0
[34m[1mimagemagick version[0m
Version: ImageMagick 6.7.7-10 2017-07-31 Q16 http://www.imagemagick.org
[34m[1mmd5deep version[0m
4.2
[34m[1mmercurial version[0m
Mercurial Distributed SCM (version 4.2.2)
(see https://mercurial-scm.org for more information)

Copyright (C) 2005-2017 Matt Mackall and others
This is free software; see the source for copying conditions. There is NO
warranty; not even for MERCHANTABILITY or FITNESS FOR A PARTICULAR PURPOSE.
[34m[1mmysql version[0m
mysql  Ver 14.14 Distrib 5.6.33, for debian-linux-gnu (x86_64) using  EditLine wrapper
[34m[1mopenssl version[0m
OpenSSL 1.0.1f 6 Jan 2014
[34m[1mpacker version[0m
Packer v1.0.2

Your version of Packer is out of date! The latest version
is 1.1.2. You can update by downloading from www.packer.io
[34m[1mpostgresql client version[0m
psql (PostgreSQL) 9.6.6
[34m[1mragel version[0m
Ragel State Machine Compiler version 6.8 Feb 2013
Copyright (c) 2001-2009 by Adrian Thurston
[34m[1msubversion version[0m
svn, version 1.8.8 (r1568071)
   compiled Aug 10 2017, 17:20:39 on x86_64-pc-linux-gnu

Copyright (C) 2013 The Apache Software Foundation.
This software consists of contributions made by many people;
see the NOTICE file for more information.
Subversion is open source software, see http://subversion.apache.org/

The following repository access (RA) modules are available:

* ra_svn : Module for accessing a repository using the svn network protocol.
  - with Cyrus SASL authentication
  - handles 'svn' scheme
* ra_local : Module for accessing a repository on local disk.
  - handles 'file' scheme
* ra_serf : Module for accessing a repository via WebDAV protocol using serf.
  - using serf 1.3.3
  - handles 'http' scheme
  - handles 'https' scheme

[34m[1msudo version[0m
Sudo version 1.8.9p5
Configure options: --prefix=/usr -v --with-all-insults --with-pam --with-fqdn --with-logging=syslog --with-logfac=authpriv --with-env-editor --with-editor=/usr/bin/editor --with-timeout=15 --with-password-timeout=0 --with-passprompt=[sudo] password for %p:  --without-lecture --with-tty-tickets --disable-root-mailer --enable-admin-flag --with-sendmail=/usr/sbin/sendmail --with-timedir=/var/lib/sudo --mandir=/usr/share/man --libexecdir=/usr/lib/sudo --with-sssd --with-sssd-lib=/usr/lib/x86_64-linux-gnu --with-selinux
Sudoers policy plugin version 1.8.9p5
Sudoers file grammar version 43

Sudoers path: /etc/sudoers
Authentication methods: 'pam'
Syslog facility if syslog is being used for logging: authpriv
Syslog priority to use when user authenticates successfully: notice
Syslog priority to use when user authenticates unsuccessfully: alert
Send mail if the user is not in sudoers
Use a separate timestamp for each user/tty combo
Lecture user the first time they run sudo
Root may run sudo
Allow some information gathering to give useful error messages
Require fully-qualified hostnames in the sudoers file
Visudo will honor the EDITOR environment variable
Set the LOGNAME and USER environment variables
Length at which to wrap log file lines (0 for no wrap): 80
Authentication timestamp timeout: 15.0 minutes
Password prompt timeout: 0.0 minutes
Number of tries to enter a password: 3
Umask to use or 0777 to use user's: 022
Path to mail program: /usr/sbin/sendmail
Flags for mail program: -t
Address to send mail to: root
Subject line for mail messages: *** SECURITY information for %h ***
Incorrect password message: Sorry, try again.
Path to authentication timestamp dir: /var/lib/sudo
Default password prompt: [sudo] password for %p: 
Default user to run commands as: root
Value to override user's $PATH with: /usr/local/sbin:/usr/local/bin:/usr/sbin:/usr/bin:/sbin:/bin:/snap/bin
Path to the editor for use by visudo: /usr/bin/editor
When to require a password for 'list' pseudocommand: any
When to require a password for 'verify' pseudocommand: all
File descriptors >= 3 will be closed before executing a command
Environment variables to check for sanity:
	TZ
	TERM
	LINGUAS
	LC_*
	LANGUAGE
	LANG
	COLORTERM
Environment variables to remove:
	RUBYOPT
	RUBYLIB
	PYTHONUSERBASE
	PYTHONINSPECT
	PYTHONPATH
	PYTHONHOME
	TMPPREFIX
	ZDOTDIR
	READNULLCMD
	NULLCMD
	FPATH
	PERL5DB
	PERL5OPT
	PERL5LIB
	PERLLIB
	PERLIO_DEBUG 
	JAVA_TOOL_OPTIONS
	SHELLOPTS
	GLOBIGNORE
	PS4
	BASH_ENV
	ENV
	TERMCAP
	TERMPATH
	TERMINFO_DIRS
	TERMINFO
	_RLD*
	LD_*
	PATH_LOCALE
	NLSPATH
	HOSTALIASES
	RES_OPTIONS
	LOCALDOMAIN
	CDPATH
	IFS
Environment variables to preserve:
	JAVA_HOME
	TRAVIS
	CI
	DEBIAN_FRONTEND
	XAUTHORIZATION
	XAUTHORITY
	PS2
	PS1
	PATH
	LS_COLORS
	KRB5CCNAME
	HOSTNAME
	HOME
	DISPLAY
	COLORS
Locale to use while parsing sudoers: C
Directory in which to store input/output logs: /var/log/sudo-io
File in which to store the input/output log: %{seq}
Add an entry to the utmp/utmpx file when allocating a pty
PAM service name to use
PAM service name to use for login shells
Create a new PAM session for the command to run in
Maximum I/O log sequence number: 0

Local IP address and netmask pairs:
	10.240.0.28/255.255.255.255
	172.17.0.1/255.255.0.0

Sudoers I/O plugin version 1.8.9p5
[34m[1mgzip version[0m
gzip 1.6
Copyright (C) 2007, 2010, 2011 Free Software Foundation, Inc.
Copyright (C) 1993 Jean-loup Gailly.
This is free software.  You may redistribute copies of it under the terms of
the GNU General Public License <http://www.gnu.org/licenses/gpl.html>.
There is NO WARRANTY, to the extent permitted by law.

Written by Jean-loup Gailly.
[34m[1mzip version[0m
Copyright (c) 1990-2008 Info-ZIP - Type 'zip "-L"' for software license.
This is Zip 3.0 (July 5th 2008), by Info-ZIP.
Currently maintained by E. Gordon.  Please send bug reports to
the authors using the web page at www.info-zip.org; see README for details.

Latest sources and executables are at ftp://ftp.info-zip.org/pub/infozip,
as of above date; see http://www.info-zip.org/ for other sites.

Compiled with gcc 4.8.2 for Unix (Linux ELF) on Oct 21 2013.

Zip special compilation options:
	USE_EF_UT_TIME       (store Universal Time)
	BZIP2_SUPPORT        (bzip2 library version 1.0.6, 6-Sept-2010)
	    bzip2 code and library copyright (c) Julian R Seward
	    (See the bzip2 license for terms of use)
	SYMLINK_SUPPORT      (symbolic links supported)
	LARGE_FILE_SUPPORT   (can read and write large files on file system)
	ZIP64_SUPPORT        (use Zip64 to store large files in archives)
	UNICODE_SUPPORT      (store and read UTF-8 Unicode paths)
	STORE_UNIX_UIDs_GIDs (store UID/GID sizes/values using new extra field)
	UIDGID_NOT_16BIT     (old Unix 16-bit UID/GID extra field not used)
	[encryption, version 2.91 of 05 Jan 2007] (modified for Zip 3)

Encryption notice:
	The encryption code of this program is not copyrighted and is
	put in the public domain.  It was originally written in Europe
	and, to the best of our knowledge, can be freely distributed
	in both source and object forms from any country, including
	the USA under License Exception TSU of the U.S. Export
	Administration Regulations (section 740.13(e)) of 6 June 2002.

Zip environment options:
             ZIP:  [none]
          ZIPOPT:  [none]
[34m[1mvim version[0m
VIM - Vi IMproved 7.4 (2013 Aug 10, compiled Nov 24 2016 16:43:18)
Included patches: 1-52
Extra patches: 8.0.0056
Modified by pkg-vim-maintainers@lists.alioth.debian.org
Compiled by buildd@
Huge version without GUI.  Features included (+) or not (-):
+acl             +farsi           +mouse_netterm   +syntax
+arabic          +file_in_path    +mouse_sgr       +tag_binary
+autocmd         +find_in_path    -mouse_sysmouse  +tag_old_static
-balloon_eval    +float           +mouse_urxvt     -tag_any_white
-browse          +folding         +mouse_xterm     -tcl
++builtin_terms  -footer          +multi_byte      +terminfo
+byte_offset     +fork()          +multi_lang      +termresponse
+cindent         +gettext         -mzscheme        +textobjects
-clientserver    -hangul_input    +netbeans_intg   +title
-clipboard       +iconv           +path_extra      -toolbar
+cmdline_compl   +insert_expand   -perl            +user_commands
+cmdline_hist    +jumplist        +persistent_undo +vertsplit
+cmdline_info    +keymap          +postscript      +virtualedit
+comments        +langmap         +printer         +visual
+conceal         +libcall         +profile         +visualextra
+cryptv          +linebreak       +python          +viminfo
+cscope          +lispindent      -python3         +vreplace
+cursorbind      +listcmds        +quickfix        +wildignore
+cursorshape     +localmap        +reltime         +wildmenu
+dialog_con      -lua             +rightleft       +windows
+diff            +menu            -ruby            +writebackup
+digraphs        +mksession       +scrollbind      -X11
-dnd             +modify_fname    +signs           -xfontset
-ebcdic          +mouse           +smartindent     -xim
+emacs_tags      -mouseshape      -sniff           -xsmp
+eval            +mouse_dec       +startuptime     -xterm_clipboard
+ex_extra        +mouse_gpm       +statusline      -xterm_save
+extra_search    -mouse_jsbterm   -sun_workshop    -xpm
   system vimrc file: "$VIM/vimrc"
     user vimrc file: "$HOME/.vimrc"
 2nd user vimrc file: "~/.vim/vimrc"
      user exrc file: "$HOME/.exrc"
  fall-back for $VIM: "/usr/share/vim"
Compilation: gcc -c -I. -Iproto -DHAVE_CONFIG_H     -g -O2 -fstack-protector --param=ssp-buffer-size=4 -Wformat -Werror=format-security -U_FORTIFY_SOURCE -D_FORTIFY_SOURCE=1      
Linking: gcc   -Wl,-Bsymbolic-functions -Wl,-z,relro -Wl,--as-needed -o vim        -lm -ltinfo -lnsl  -lselinux  -lacl -lattr -lgpm -ldl    -L/usr/lib/python2.7/config-x86_64-linux-gnu -lpython2.7 -lpthread -ldl -lutil -lm -Xlinker -export-dynamic -Wl,-O1 -Wl,-Bsymbolic-functions      
[34m[1miptables version[0m
iptables v1.4.21
[34m[1mcurl version[0m
curl 7.35.0 (x86_64-pc-linux-gnu) libcurl/7.35.0 OpenSSL/1.0.1f zlib/1.2.8 libidn/1.28 librtmp/2.3
[34m[1mwget version[0m
GNU Wget 1.15 built on linux-gnu.
[34m[1mrsync version[0m
rsync  version 3.1.0  protocol version 31
[34m[1mgimme version[0m
v1.2.0
[34m[1mnvm version[0m
0.33.6
[34m[1mperlbrew version[0m
/home/travis/perl5/perlbrew/bin/perlbrew  - App::perlbrew/0.80
[34m[1mphpenv version[0m
rbenv 1.1.1-25-g6aa70b6
[34m[1mrvm version[0m
rvm 1.29.3 (latest) by Michal Papis, Piotr Kuczynski, Wayne E. Seguin [https://rvm.io]
[34m[1mdefault ruby version[0m
ruby 2.4.1p111 (2017-03-22 revision 58053) [x86_64-linux]
[34m[1mCouchDB version[0m
couchdb 1.6.1
[34m[1mElasticSearch version[0m
5.5.0
[34m[1mInstalled Firefox version[0m
firefox 56.0.2
[34m[1mMongoDB version[0m
MongoDB 3.4.10
[34m[1mPhantomJS version[0m
2.1.1
[34m[1mPre-installed PostgreSQL versions[0m
9.2.24
9.3.20
9.4.15
9.5.10
9.6.6
[34m[1mRabbitMQ Version[0m
3.6.14
[34m[1mRedis version[0m
redis-server 4.0.6
[34m[1mriak version[0m
2.2.3
[34m[1mPre-installed Go versions[0m
1.7.4
[34m[1mant version[0m
Apache Ant(TM) version 1.9.3 compiled on April 8 2014
[34m[1mmvn version[0m
Apache Maven 3.5.2 (138edd61fd100ec658bfa2d307c43b76940a5d7d; 2017-10-18T07:58:13Z)
Maven home: /usr/local/maven-3.5.2
Java version: 1.8.0_151, vendor: Oracle Corporation
Java home: /usr/lib/jvm/java-8-oracle/jre
Default locale: en_US, platform encoding: UTF-8
OS name: "linux", version: "4.4.0-98-generic", arch: "amd64", family: "unix"
[34m[1mgradle version[0m

------------------------------------------------------------
Gradle 4.0.1
------------------------------------------------------------

Build time:   2017-07-07 14:02:41 UTC
Revision:     38e5dc0f772daecca1d2681885d3d85414eb6826

Groovy:       2.4.11
Ant:          Apache Ant(TM) version 1.9.6 compiled on June 29 2015
JVM:          1.8.0_151 (Oracle Corporation 25.151-b12)
OS:           Linux 4.4.0-98-generic amd64

[34m[1mlein version[0m
Leiningen 2.8.1 on Java 1.8.0_151 Java HotSpot(TM) 64-Bit Server VM
[34m[1mPre-installed Node.js versions[0m
v4.8.6
v6.12.0
v6.12.1
v8.9
v8.9.1
[34m[1mphpenv versions[0m
  system
  5.6
* 5.6.32 (set by /home/travis/.phpenv/version)
  7.0
  7.0.25
  7.1
  7.1.11
  hhvm
  hhvm-stable
[34m[1mcomposer --version[0m
Composer version 1.5.2 2017-09-11 16:59:25
[34m[1mPre-installed Ruby versions[0m
ruby-2.2.7
ruby-2.3.4
ruby-2.4.1
travis_fold:end:system_info[0K

travis_fold:start:git.checkout[0Ktravis_time:start:2fbfe6e4[0K$ git clone --depth=50 --branch=master https://github.com/lastpass/lastpass-cli.git lastpass/lastpass-cli
Cloning into 'lastpass/lastpass-cli'...
remote: Enumerating objects: 456, done.[K
remote: Counting objects:   0% (1/456)   [Kremote: Counting objects:   1% (5/456)   [Kremote: Counting objects:   2% (10/456)   [Kremote: Counting objects:   3% (14/456)   [Kremote: Counting objects:   4% (19/456)   [Kremote: Counting objects:   5% (23/456)   [Kremote: Counting objects:   6% (28/456)   [Kremote: Counting objects:   7% (32/456)   [Kremote: Counting objects:   8% (37/456)   [Kremote: Counting objects:   9% (42/456)   [Kremote: Counting objects:  10% (46/456)   [Kremote: Counting objects:  11% (51/456)   [Kremote: Counting objects:  12% (55/456)   [Kremote: Counting objects:  13% (60/456)   [Kremote: Counting objects:  14% (64/456)   [Kremote: Counting objects:  15% (69/456)   [Kremote: Counting objects:  16% (73/456)   [Kremote: Counting objects:  17% (78/456)   [Kremote: Counting objects:  18% (83/456)   [Kremote: Counting objects:  19% (87/456)   [Kremote: Counting objects:  20% (92/456)   [Kremote: Counting objects:  21% (96/456)   [Kremote: Counting objects:  22% (101/456)   [Kremote: Counting objects:  23% (105/456)   [Kremote: Counting objects:  24% (110/456)   [Kremote: Counting objects:  25% (114/456)   [Kremote: Counting objects:  26% (119/456)   [Kremote: Counting objects:  27% (124/456)   [Kremote: Counting objects:  28% (128/456)   [Kremote: Counting objects:  29% (133/456)   [Kremote: Counting objects:  30% (137/456)   [Kremote: Counting objects:  31% (142/456)   [Kremote: Counting objects:  32% (146/456)   [Kremote: Counting objects:  33% (151/456)   [Kremote: Counting objects:  34% (156/456)   [Kremote: Counting objects:  35% (160/456)   [Kremote: Counting objects:  36% (165/456)   [Kremote: Counting objects:  37% (169/456)   [Kremote: Counting objects:  38% (174/456)   [Kremote: Counting objects:  39% (178/456)   [Kremote: Counting objects:  40% (183/456)   [Kremote: Counting objects:  41% (187/456)   [Kremote: Counting objects:  42% (192/456)   [Kremote: Counting objects:  43% (197/456)   [Kremote: Counting objects:  44% (201/456)   [Kremote: Counting objects:  45% (206/456)   [Kremote: Counting objects:  46% (210/456)   [Kremote: Counting objects:  47% (215/456)   [Kremote: Counting objects:  48% (219/456)   [Kremote: Counting objects:  49% (224/456)   [Kremote: Counting objects:  50% (228/456)   [Kremote: Counting objects:  51% (233/456)   [Kremote: Counting objects:  52% (238/456)   [Kremote: Counting objects:  53% (242/456)   [Kremote: Counting objects:  54% (247/456)   [Kremote: Counting objects:  55% (251/456)   [Kremote: Counting objects:  56% (256/456)   [Kremote: Counting objects:  57% (260/456)   [Kremote: Counting objects:  58% (265/456)   [Kremote: Counting objects:  59% (270/456)   [Kremote: Counting objects:  60% (274/456)   [Kremote: Counting objects:  61% (279/456)   [Kremote: Counting objects:  62% (283/456)   [Kremote: Counting objects:  63% (288/456)   [Kremote: Counting objects:  64% (292/456)   [Kremote: Counting objects:  65% (297/456)   [Kremote: Counting objects:  66% (301/456)   [Kremote: Counting objects:  67% (306/456)   [Kremote: Counting objects:  68% (311/456)   [Kremote: Counting objects:  69% (315/456)   [Kremote: Counting objects:  70% (320/456)   [Kremote: Counting objects:  71% (324/456)   [Kremote: Counting objects:  72% (329/456)   [Kremote: Counting objects:  73% (333/456)   [Kremote: Counting objects:  74% (338/456)   [Kremote: Counting objects:  75% (342/456)   [Kremote: Counting objects:  76% (347/456)   [Kremote: Counting objects:  77% (352/456)   [Kremote: Counting objects:  78% (356/456)   [Kremote: Counting objects:  79% (361/456)   [Kremote: Counting objects:  80% (365/456)   [Kremote: Counting objects:  81% (370/456)   [Kremote: Counting objects:  82% (374/456)   [Kremote: Counting objects:  83% (379/456)   [Kremote: Counting objects:  84% (384/456)   [Kremote: Counting objects:  85% (388/456)   [Kremote: Counting objects:  86% (393/456)   [Kremote: Counting objects:  87% (397/456)   [Kremote: Counting objects:  88% (402/456)   [Kremote: Counting objects:  89% (406/456)   [Kremote: Counting objects:  90% (411/456)   [Kremote: Counting objects:  91% (415/456)   [Kremote: Counting objects:  92% (420/456)   [Kremote: Counting objects:  93% (425/456)   [Kremote: Counting objects:  94% (429/456)   [Kremote: Counting objects:  95% (434/456)   [Kremote: Counting objects:  96% (438/456)   [Kremote: Counting objects:  97% (443/456)   [Kremote: Counting objects:  98% (447/456)   [Kremote: Counting objects:  99% (452/456)   [Kremote: Counting objects: 100% (456/456)   [Kremote: Counting objects: 100% (456/456), done.[K
remote: Compressing objects:   0% (1/246)   [Kremote: Compressing objects:   1% (3/246)   [Kremote: Compressing objects:   2% (5/246)   [Kremote: Compressing objects:   3% (8/246)   [Kremote: Compressing objects:   4% (10/246)   [Kremote: Compressing objects:   5% (13/246)   [Kremote: Compressing objects:   6% (15/246)   [Kremote: Compressing objects:   7% (18/246)   [Kremote: Compressing objects:   8% (20/246)   [Kremote: Compressing objects:   9% (23/246)   [Kremote: Compressing objects:  10% (25/246)   [Kremote: Compressing objects:  11% (28/246)   [Kremote: Compressing objects:  12% (30/246)   [Kremote: Compressing objects:  13% (32/246)   [Kremote: Compressing objects:  14% (35/246)   [Kremote: Compressing objects:  15% (37/246)   [Kremote: Compressing objects:  16% (40/246)   [Kremote: Compressing objects:  17% (42/246)   [Kremote: Compressing objects:  18% (45/246)   [Kremote: Compressing objects:  19% (47/246)   [Kremote: Compressing objects:  20% (50/246)   [Kremote: Compressing objects:  21% (52/246)   [Kremote: Compressing objects:  22% (55/246)   [Kremote: Compressing objects:  23% (57/246)   [Kremote: Compressing objects:  24% (60/246)   [Kremote: Compressing objects:  25% (62/246)   [Kremote: Compressing objects:  26% (64/246)   [Kremote: Compressing objects:  27% (67/246)   [Kremote: Compressing objects:  28% (69/246)   [Kremote: Compressing objects:  29% (72/246)   [Kremote: Compressing objects:  30% (74/246)   [Kremote: Compressing objects:  31% (77/246)   [Kremote: Compressing objects:  32% (79/246)   [Kremote: Compressing objects:  33% (82/246)   [Kremote: Compressing objects:  34% (84/246)   [Kremote: Compressing objects:  35% (87/246)   [Kremote: Compressing objects:  36% (89/246)   [Kremote: Compressing objects:  37% (92/246)   [Kremote: Compressing objects:  38% (94/246)   [Kremote: Compressing objects:  39% (96/246)   [Kremote: Compressing objects:  40% (99/246)   [Kremote: Compressing objects:  41% (101/246)   [Kremote: Compressing objects:  42% (104/246)   [Kremote: Compressing objects:  43% (106/246)   [Kremote: Compressing objects:  44% (109/246)   [Kremote: Compressing objects:  45% (111/246)   [Kremote: Compressing objects:  46% (114/246)   [Kremote: Compressing objects:  47% (116/246)   [Kremote: Compressing objects:  48% (119/246)   [Kremote: Compressing objects:  49% (121/246)   [Kremote: Compressing objects:  50% (123/246)   [Kremote: Compressing objects:  51% (126/246)   [Kremote: Compressing objects:  52% (128/246)   [Kremote: Compressing objects:  53% (131/246)   [Kremote: Compressing objects:  54% (133/246)   [Kremote: Compressing objects:  55% (136/246)   [Kremote: Compressing objects:  56% (138/246)   [Kremote: Compressing objects:  57% (141/246)   [Kremote: Compressing objects:  58% (143/246)   [Kremote: Compressing objects:  59% (146/246)   [Kremote: Compressing objects:  60% (148/246)   [Kremote: Compressing objects:  61% (151/246)   [Kremote: Compressing objects:  62% (153/246)   [Kremote: Compressing objects:  63% (155/246)   [Kremote: Compressing objects:  64% (158/246)   [Kremote: Compressing objects:  65% (160/246)   [Kremote: Compressing objects:  66% (163/246)   [Kremote: Compressing objects:  67% (165/246)   [Kremote: Compressing objects:  68% (168/246)   [Kremote: Compressing objects:  69% (170/246)   [Kremote: Compressing objects:  70% (173/246)   [Kremote: Compressing objects:  71% (175/246)   [Kremote: Compressing objects:  72% (178/246)   [Kremote: Compressing objects:  73% (180/246)   [Kremote: Compressing objects:  74% (183/246)   [Kremote: Compressing objects:  75% (185/246)   [Kremote: Compressing objects:  76% (187/246)   [Kremote: Compressing objects:  77% (190/246)   [Kremote: Compressing objects:  78% (192/246)   [Kremote: Compressing objects:  79% (195/246)   [Kremote: Compressing objects:  80% (197/246)   [Kremote: Compressing objects:  81% (200/246)   [Kremote: Compressing objects:  82% (202/246)   [Kremote: Compressing objects:  83% (205/246)   [Kremote: Compressing objects:  84% (207/246)   [Kremote: Compressing objects:  85% (210/246)   [Kremote: Compressing objects:  86% (212/246)   [Kremote: Compressing objects:  87% (215/246)   [Kremote: Compressing objects:  88% (217/246)   [Kremote: Compressing objects:  89% (219/246)   [Kremote: Compressing objects:  90% (222/246)   [Kremote: Compressing objects:  91% (224/246)   [Kremote: Compressing objects:  92% (227/246)   [Kremote: Compressing objects:  93% (229/246)   [Kremote: Compressing objects:  94% (232/246)   [Kremote: Compressing objects:  95% (234/246)   [Kremote: Compressing objects:  96% (237/246)   [Kremote: Compressing objects:  97% (239/246)   [Kremote: Compressing objects:  98% (242/246)   [Kremote: Compressing objects:  99% (244/246)   [Kremote: Compressing objects: 100% (246/246)   [Kremote: Compressing objects: 100% (246/246), done.[K
Receiving objects:   0% (1/456)   Receiving objects:   1% (5/456)   Receiving objects:   2% (10/456)   Receiving objects:   3% (14/456)   Receiving objects:   4% (19/456)   Receiving objects:   5% (23/456)   Receiving objects:   6% (28/456)   Receiving objects:   7% (32/456)   Receiving objects:   8% (37/456)   Receiving objects:   9% (42/456)   Receiving objects:  10% (46/456)   Receiving objects:  11% (51/456)   Receiving objects:  12% (55/456)   Receiving objects:  13% (60/456)   Receiving objects:  14% (64/456)   Receiving objects:  15% (69/456)   Receiving objects:  16% (73/456)   Receiving objects:  17% (78/456)   Receiving objects:  18% (83/456)   Receiving objects:  19% (87/456)   Receiving objects:  20% (92/456)   Receiving objects:  21% (96/456)   Receiving objects:  22% (101/456)   Receiving objects:  23% (105/456)   Receiving objects:  24% (110/456)   Receiving objects:  25% (114/456)   Receiving objects:  26% (119/456)   Receiving objects:  27% (124/456)   Receiving objects:  28% (128/456)   Receiving objects:  29% (133/456)   Receiving objects:  30% (137/456)   Receiving objects:  31% (142/456)   Receiving objects:  32% (146/456)   Receiving objects:  33% (151/456)   Receiving objects:  34% (156/456)   Receiving objects:  35% (160/456)   Receiving objects:  36% (165/456)   Receiving objects:  37% (169/456)   Receiving objects:  38% (174/456)   Receiving objects:  39% (178/456)   Receiving objects:  40% (183/456)   Receiving objects:  41% (187/456)   Receiving objects:  42% (192/456)   Receiving objects:  43% (197/456)   Receiving objects:  44% (201/456)   Receiving objects:  45% (206/456)   Receiving objects:  46% (210/456)   Receiving objects:  47% (215/456)   Receiving objects:  48% (219/456)   Receiving objects:  49% (224/456)   Receiving objects:  50% (228/456)   Receiving objects:  51% (233/456)   Receiving objects:  52% (238/456)   Receiving objects:  53% (242/456)   Receiving objects:  54% (247/456)   Receiving objects:  55% (251/456)   Receiving objects:  56% (256/456)   Receiving objects:  57% (260/456)   Receiving objects:  58% (265/456)   Receiving objects:  59% (270/456)   Receiving objects:  60% (274/456)   Receiving objects:  61% (279/456)   Receiving objects:  62% (283/456)   Receiving objects:  63% (288/456)   Receiving objects:  64% (292/456)   Receiving objects:  65% (297/456)   Receiving objects:  66% (301/456)   Receiving objects:  67% (306/456)   Receiving objects:  68% (311/456)   Receiving objects:  69% (315/456)   Receiving objects:  70% (320/456)   Receiving objects:  71% (324/456)   Receiving objects:  72% (329/456)   Receiving objects:  73% (333/456)   Receiving objects:  74% (338/456)   Receiving objects:  75% (342/456)   Receiving objects:  76% (347/456)   Receiving objects:  77% (352/456)   Receiving objects:  78% (356/456)   Receiving objects:  79% (361/456)   remote: Total 456 (delta 242), reused 346 (delta 203), pack-reused 0[K
Receiving objects:  80% (365/456)   Receiving objects:  81% (370/456)   Receiving objects:  82% (374/456)   Receiving objects:  83% (379/456)   Receiving objects:  84% (384/456)   Receiving objects:  85% (388/456)   Receiving objects:  86% (393/456)   Receiving objects:  87% (397/456)   Receiving objects:  88% (402/456)   Receiving objects:  89% (406/456)   Receiving objects:  90% (411/456)   Receiving objects:  91% (415/456)   Receiving objects:  92% (420/456)   Receiving objects:  93% (425/456)   Receiving objects:  94% (429/456)   Receiving objects:  95% (434/456)   Receiving objects:  96% (438/456)   Receiving objects:  97% (443/456)   Receiving objects:  98% (447/456)   Receiving objects:  99% (452/456)   Receiving objects: 100% (456/456)   Receiving objects: 100% (456/456), 223.62 KiB | 4.97 MiB/s, done.
Resolving deltas:   0% (0/242)   Resolving deltas:   2% (5/242)   Resolving deltas:   4% (12/242)   Resolving deltas:   5% (14/242)   Resolving deltas:  21% (52/242)   Resolving deltas:  23% (56/242)   Resolving deltas:  25% (61/242)   Resolving deltas:  42% (102/242)   Resolving deltas:  45% (110/242)   Resolving deltas:  46% (113/242)   Resolving deltas:  47% (114/242)   Resolving deltas:  53% (129/242)   Resolving deltas:  54% (133/242)   Resolving deltas:  55% (134/242)   Resolving deltas:  59% (144/242)   Resolving deltas:  61% (150/242)   Resolving deltas:  62% (152/242)   Resolving deltas:  65% (158/242)   Resolving deltas:  67% (164/242)   Resolving deltas:  69% (168/242)   Resolving deltas:  70% (170/242)   Resolving deltas:  71% (172/242)   Resolving deltas:  72% (175/242)   Resolving deltas:  74% (181/242)   Resolving deltas:  76% (185/242)   Resolving deltas:  77% (187/242)   Resolving deltas:  78% (190/242)   Resolving deltas:  79% (193/242)   Resolving deltas:  80% (195/242)   Resolving deltas:  81% (197/242)   Resolving deltas:  82% (199/242)   Resolving deltas:  83% (202/242)   Resolving deltas:  84% (204/242)   Resolving deltas:  85% (206/242)   Resolving deltas:  86% (210/242)   Resolving deltas:  87% (211/242)   Resolving deltas:  88% (215/242)   Resolving deltas:  89% (217/242)   Resolving deltas:  90% (218/242)   Resolving deltas:  92% (224/242)   Resolving deltas:  93% (226/242)   Resolving deltas:  95% (230/242)   Resolving deltas:  97% (235/242)   Resolving deltas:  99% (240/242)   Resolving deltas: 100% (242/242)   Resolving deltas: 100% (242/242), done.
travis_time:end:2fbfe6e4:start=1555408283844828258,finish=1555408284481192540,duration=636364282[0K$ cd lastpass/lastpass-cli
$ git checkout -qf d318aacf3343aee59017742b2642f7f56e74117b
travis_fold:end:git.checkout[0K
$ export TRAVIS_COMPILER=gcc
$ export CXX=g++
$ export CXX_FOR_BUILD=g++
$ export CC=gcc
$ export CC_FOR_BUILD=gcc
$ gcc --version
gcc (Ubuntu 4.8.4-2ubuntu1~14.04.3) 4.8.4
Copyright (C) 2013 Free Software Foundation, Inc.
This is free software; see the source for copying conditions.  There is NO
warranty; not even for MERCHANTABILITY or FITNESS FOR A PARTICULAR PURPOSE.

travis_fold:start:before_install.1[0Ktravis_time:start:1da9c3e4[0K$ if [[ "$TRAVIS_OS_NAME" == "osx" ]]; then brew update; fi
travis_time:end:1da9c3e4:start=1555408284499095152,finish=1555408284501728795,duration=2633643[0Ktravis_fold:end:before_install.1[0Ktravis_fold:start:before_install.2[0Ktravis_time:start:0745780c[0K$ if [[ "$TRAVIS_OS_NAME" == "osx" ]]; then brew install libxml2 || true ; fi
travis_time:end:0745780c:start=1555408284505575640,finish=1555408284507981994,duration=2406354[0Ktravis_fold:end:before_install.2[0Ktravis_fold:start:before_install.3[0Ktravis_time:start:18adbbc0[0K$ if [[ "$TRAVIS_OS_NAME" == "osx" ]]; then brew install cmake || true ; fi
travis_time:end:18adbbc0:start=1555408284512039727,finish=1555408284514738250,duration=2698523[0Ktravis_fold:end:before_install.3[0Ktravis_fold:start:before_install.4[0Ktravis_time:start:3d0dc7c0[0K$ if [[ "$TRAVIS_OS_NAME" == "linux" ]]; then sudo apt-get -qq update; fi
W: http://ppa.launchpad.net/couchdb/stable/ubuntu/dists/trusty/Release.gpg: Signature by key 15866BAFD9BCC4F3C1E0DFC7D69548E1C17EAB57 uses weak digest algorithm (SHA1)
W: GPG error: https://packagecloud.io/github/git-lfs/ubuntu trusty InRelease: The following signatures couldn't be verified because the public key is not available: NO_PUBKEY 6B05F25D762E3157
W: The repository 'https://packagecloud.io/github/git-lfs/ubuntu trusty InRelease' is not signed.
W: There is no public key available for the following key IDs:
6B05F25D762E3157  
travis_time:end:3d0dc7c0:start=1555408284518235973,finish=1555408287573530518,duration=3055294545[0Ktravis_fold:end:before_install.4[0Ktravis_fold:start:before_install.5[0Ktravis_time:start:114fafb8[0K$ if [[ "$TRAVIS_OS_NAME" == "linux" ]]; then sudo apt-get install -y libxml2-dev; fi
Reading package lists... 0%Reading package lists... 100%Reading package lists... Done
Building dependency tree... 0%Building dependency tree... 0%Building dependency tree... 50%Building dependency tree... 50%Building dependency tree       
Reading state information... 0%Reading state information... 0%Reading state information... Done
The following additional packages will be installed:
  libxml2
The following packages will be upgraded:
  libxml2 libxml2-dev
2 upgraded, 0 newly installed, 0 to remove and 303 not upgraded.
Need to get 1,203 kB of archives.
After this operation, 0 B of additional disk space will be used.
0% [Working]            Get:1 http://us-east-1.ec2.archive.ubuntu.com/ubuntu trusty-updates/main amd64 libxml2-dev amd64 2.9.1+dfsg1-3ubuntu4.13 [630 kB]
1% [1 libxml2-dev 12.3 kB/630 kB 2%]                                    52% [Working]             Get:2 http://us-east-1.ec2.archive.ubuntu.com/ubuntu trusty-updates/main amd64 libxml2 amd64 2.9.1+dfsg1-3ubuntu4.13 [573 kB]
52% [2 libxml2 0 B/573 kB 0%]                             100% [Working]              Fetched 1,203 kB in 0s (58.7 MB/s)
(Reading database ... (Reading database ... 5%(Reading database ... 10%(Reading database ... 15%(Reading database ... 20%(Reading database ... 25%(Reading database ... 30%(Reading database ... 35%(Reading database ... 40%(Reading database ... 45%(Reading database ... 50%(Reading database ... 55%(Reading database ... 60%(Reading database ... 65%(Reading database ... 70%(Reading database ... 75%(Reading database ... 80%(Reading database ... 85%(Reading database ... 90%(Reading database ... 95%(Reading database ... 100%(Reading database ... 93695 files and directories currently installed.)
Preparing to unpack .../libxml2-dev_2.9.1+dfsg1-3ubuntu4.13_amd64.deb ...
Unpacking libxml2-dev:amd64 (2.9.1+dfsg1-3ubuntu4.13) over (2.9.1+dfsg1-3ubuntu4.11) ...
Preparing to unpack .../libxml2_2.9.1+dfsg1-3ubuntu4.13_amd64.deb ...
Unpacking libxml2:amd64 (2.9.1+dfsg1-3ubuntu4.13) over (2.9.1+dfsg1-3ubuntu4.11) ...
Processing triggers for man-db (2.6.7.1-1ubuntu1) ...
Setting up libxml2:amd64 (2.9.1+dfsg1-3ubuntu4.13) ...
Setting up libxml2-dev:amd64 (2.9.1+dfsg1-3ubuntu4.13) ...
Processing triggers for libc-bin (2.19-0ubuntu6.13) ...
travis_time:end:114fafb8:start=1555408287577580588,finish=1555408289677196063,duration=2099615475[0Ktravis_fold:end:before_install.5[0Ktravis_time:start:06889c84[0K$ make && make test
mkdir -p build && cd build && cmake -DCMAKE_INSTALL_PREFIX:PATH=/usr -DCMAKE_INSTALL_MANDIR:PATH=/usr/share/man ..
-- The C compiler identification is GNU 4.8.4
-- The CXX compiler identification is GNU 4.8.4
-- Check for working C compiler: /usr/bin/gcc
-- Check for working C compiler: /usr/bin/gcc -- works
-- Detecting C compiler ABI info
-- Detecting C compiler ABI info - done
-- Detecting C compile features
-- Detecting C compile features - done
-- Check for working CXX compiler: /usr/bin/g++
-- Check for working CXX compiler: /usr/bin/g++ -- works
-- Detecting CXX compiler ABI info
-- Detecting CXX compiler ABI info - done
-- Detecting CXX compile features
-- Detecting CXX compile features - done
-- Found PkgConfig: /usr/bin/pkg-config (found version "0.26") 
-- Checking for one of the modules 'bash-completion'
-- Found LibXml2: /usr/lib/x86_64-linux-gnu/libxml2.so (found version "2.9.1") 
-- Found OpenSSL: /usr/lib/x86_64-linux-gnu/libcrypto.so (found version "1.0.1f") 
-- Found CURL: /usr/lib/x86_64-linux-gnu/libcurl.so (found version "7.35.0") 
LASTPASS_CLI_VERSION  =1.3.3.5.gd318aac
-- Configuring done
-- Generating done
-- Build files have been written to: /home/travis/build/lastpass/lastpass-cli/build
make -C build all
make[1]: Entering directory `/home/travis/build/lastpass/lastpass-cli/build'
make[2]: Entering directory `/home/travis/build/lastpass/lastpass-cli/build'
make[3]: Entering directory `/home/travis/build/lastpass/lastpass-cli/build'
[35m[1mScanning dependencies of target lpass[0m
make[3]: Leaving directory `/home/travis/build/lastpass/lastpass-cli/build'
make[3]: Entering directory `/home/travis/build/lastpass/lastpass-cli/build'
[  2%] [32mBuilding C object CMakeFiles/lpass.dir/agent.c.o[0m
[  4%] [32mBuilding C object CMakeFiles/lpass.dir/blob.c.o[0m
[  7%] [32mBuilding C object CMakeFiles/lpass.dir/cipher.c.o[0m
[  9%] [32mBuilding C object CMakeFiles/lpass.dir/clipboard.c.o[0m
[ 11%] [32mBuilding C object CMakeFiles/lpass.dir/cmd-add.c.o[0m
[ 14%] [32mBuilding C object CMakeFiles/lpass.dir/cmd-duplicate.c.o[0m
[ 16%] [32mBuilding C object CMakeFiles/lpass.dir/cmd-edit.c.o[0m
[ 19%] [32mBuilding C object CMakeFiles/lpass.dir/cmd-export.c.o[0m
[ 21%] [32mBuilding C object CMakeFiles/lpass.dir/cmd-generate.c.o[0m
[ 23%] [32mBuilding C object CMakeFiles/lpass.dir/cmd-import.c.o[0m
[ 26%] [32mBuilding C object CMakeFiles/lpass.dir/cmd-login.c.o[0m
[ 28%] [32mBuilding C object CMakeFiles/lpass.dir/cmd-logout.c.o[0m
[ 30%] [32mBuilding C object CMakeFiles/lpass.dir/cmd-ls.c.o[0m
[ 33%] [32mBuilding C object CMakeFiles/lpass.dir/cmd-mv.c.o[0m
[ 35%] [32mBuilding C object CMakeFiles/lpass.dir/cmd-passwd.c.o[0m
[ 38%] [32mBuilding C object CMakeFiles/lpass.dir/cmd-rm.c.o[0m
[ 40%] [32mBuilding C object CMakeFiles/lpass.dir/cmd-share.c.o[0m
[ 42%] [32mBuilding C object CMakeFiles/lpass.dir/cmd-show.c.o[0m
[ 45%] [32mBuilding C object CMakeFiles/lpass.dir/cmd-status.c.o[0m
[ 47%] [32mBuilding C object CMakeFiles/lpass.dir/cmd-sync.c.o[0m
[ 50%] [32mBuilding C object CMakeFiles/lpass.dir/cmd.c.o[0m
[ 52%] [32mBuilding C object CMakeFiles/lpass.dir/config.c.o[0m
[ 54%] [32mBuilding C object CMakeFiles/lpass.dir/edit.c.o[0m
[ 57%] [32mBuilding C object CMakeFiles/lpass.dir/endpoints-login.c.o[0m
[ 59%] [32mBuilding C object CMakeFiles/lpass.dir/endpoints-share.c.o[0m
[ 61%] [32mBuilding C object CMakeFiles/lpass.dir/endpoints.c.o[0m
[ 64%] [32mBuilding C object CMakeFiles/lpass.dir/format.c.o[0m
[ 66%] [32mBuilding C object CMakeFiles/lpass.dir/http.c.o[0m
[ 69%] [32mBuilding C object CMakeFiles/lpass.dir/json-format.c.o[0m
[ 71%] [32mBuilding C object CMakeFiles/lpass.dir/kdf.c.o[0m
[ 73%] [32mBuilding C object CMakeFiles/lpass.dir/log.c.o[0m
[ 76%] [32mBuilding C object CMakeFiles/lpass.dir/lpass.c.o[0m
[ 78%] [32mBuilding C object CMakeFiles/lpass.dir/notes.c.o[0m
[ 80%] [32mBuilding C object CMakeFiles/lpass.dir/password.c.o[0m
[ 83%] [32mBuilding C object CMakeFiles/lpass.dir/pbkdf2.c.o[0m
[ 85%] [32mBuilding C object CMakeFiles/lpass.dir/process.c.o[0m
[ 88%] [32mBuilding C object CMakeFiles/lpass.dir/session.c.o[0m
[ 90%] [32mBuilding C object CMakeFiles/lpass.dir/terminal.c.o[0m
[ 92%] [32mBuilding C object CMakeFiles/lpass.dir/upload-queue.c.o[0m
[ 95%] [32mBuilding C object CMakeFiles/lpass.dir/util.c.o[0m
[ 97%] [32mBuilding C object CMakeFiles/lpass.dir/xml.c.o[0m
[100%] [32m[1mLinking C executable lpass[0m
make[3]: Leaving directory `/home/travis/build/lastpass/lastpass-cli/build'
[100%] Built target lpass
make[2]: Leaving directory `/home/travis/build/lastpass/lastpass-cli/build'
make[1]: Leaving directory `/home/travis/build/lastpass/lastpass-cli/build'
mkdir -p build && cd build && cmake -DCMAKE_INSTALL_PREFIX:PATH=/usr -DCMAKE_INSTALL_MANDIR:PATH=/usr/share/man ..
-- Configuring done
-- Generating done
-- Build files have been written to: /home/travis/build/lastpass/lastpass-cli/build
make -C build lpass-test && make -C build test
make[1]: Entering directory `/home/travis/build/lastpass/lastpass-cli/build'
make[2]: Entering directory `/home/travis/build/lastpass/lastpass-cli/build'
make[3]: Entering directory `/home/travis/build/lastpass/lastpass-cli/build'
make[4]: Entering directory `/home/travis/build/lastpass/lastpass-cli/build'
[35m[1mScanning dependencies of target lpass-test[0m
make[4]: Leaving directory `/home/travis/build/lastpass/lastpass-cli/build'
make[4]: Entering directory `/home/travis/build/lastpass/lastpass-cli/build'
[  2%] [32mBuilding C object CMakeFiles/lpass-test.dir/test/http_mock.c.o[0m
[  4%] [32mBuilding C object CMakeFiles/lpass-test.dir/agent.c.o[0m
[  6%] [32mBuilding C object CMakeFiles/lpass-test.dir/blob.c.o[0m
[  9%] [32mBuilding C object CMakeFiles/lpass-test.dir/cipher.c.o[0m
[ 11%] [32mBuilding C object CMakeFiles/lpass-test.dir/clipboard.c.o[0m
[ 13%] [32mBuilding C object CMakeFiles/lpass-test.dir/cmd-add.c.o[0m
[ 16%] [32mBuilding C object CMakeFiles/lpass-test.dir/cmd-duplicate.c.o[0m
[ 18%] [32mBuilding C object CMakeFiles/lpass-test.dir/cmd-edit.c.o[0m
[ 20%] [32mBuilding C object CMakeFiles/lpass-test.dir/cmd-export.c.o[0m
[ 23%] [32mBuilding C object CMakeFiles/lpass-test.dir/cmd-generate.c.o[0m
[ 25%] [32mBuilding C object CMakeFiles/lpass-test.dir/cmd-import.c.o[0m
[ 27%] [32mBuilding C object CMakeFiles/lpass-test.dir/cmd-login.c.o[0m
[ 30%] [32mBuilding C object CMakeFiles/lpass-test.dir/cmd-logout.c.o[0m
[ 32%] [32mBuilding C object CMakeFiles/lpass-test.dir/cmd-ls.c.o[0m
[ 34%] [32mBuilding C object CMakeFiles/lpass-test.dir/cmd-mv.c.o[0m
[ 37%] [32mBuilding C object CMakeFiles/lpass-test.dir/cmd-passwd.c.o[0m
[ 39%] [32mBuilding C object CMakeFiles/lpass-test.dir/cmd-rm.c.o[0m
[ 41%] [32mBuilding C object CMakeFiles/lpass-test.dir/cmd-share.c.o[0m
[ 44%] [32mBuilding C object CMakeFiles/lpass-test.dir/cmd-show.c.o[0m
[ 46%] [32mBuilding C object CMakeFiles/lpass-test.dir/cmd-status.c.o[0m
[ 48%] [32mBuilding C object CMakeFiles/lpass-test.dir/cmd-sync.c.o[0m
[ 51%] [32mBuilding C object CMakeFiles/lpass-test.dir/cmd.c.o[0m
[ 53%] [32mBuilding C object CMakeFiles/lpass-test.dir/config.c.o[0m
[ 55%] [32mBuilding C object CMakeFiles/lpass-test.dir/edit.c.o[0m
[ 58%] [32mBuilding C object CMakeFiles/lpass-test.dir/endpoints-login.c.o[0m
[ 60%] [32mBuilding C object CMakeFiles/lpass-test.dir/endpoints-share.c.o[0m
[ 62%] [32mBuilding C object CMakeFiles/lpass-test.dir/endpoints.c.o[0m
[ 65%] [32mBuilding C object CMakeFiles/lpass-test.dir/format.c.o[0m
[ 67%] [32mBuilding C object CMakeFiles/lpass-test.dir/http.c.o[0m
[ 69%] [32mBuilding C object CMakeFiles/lpass-test.dir/json-format.c.o[0m
[ 72%] [32mBuilding C object CMakeFiles/lpass-test.dir/kdf.c.o[0m
[ 74%] [32mBuilding C object CMakeFiles/lpass-test.dir/log.c.o[0m
[ 76%] [32mBuilding C object CMakeFiles/lpass-test.dir/lpass.c.o[0m
[ 79%] [32mBuilding C object CMakeFiles/lpass-test.dir/notes.c.o[0m
[ 81%] [32mBuilding C object CMakeFiles/lpass-test.dir/password.c.o[0m
[ 83%] [32mBuilding C object CMakeFiles/lpass-test.dir/pbkdf2.c.o[0m
[ 86%] [32mBuilding C object CMakeFiles/lpass-test.dir/process.c.o[0m
[ 88%] [32mBuilding C object CMakeFiles/lpass-test.dir/session.c.o[0m
[ 90%] [32mBuilding C object CMakeFiles/lpass-test.dir/terminal.c.o[0m
[ 93%] [32mBuilding C object CMakeFiles/lpass-test.dir/upload-queue.c.o[0m
[ 95%] [32mBuilding C object CMakeFiles/lpass-test.dir/util.c.o[0m
[ 97%] [32mBuilding C object CMakeFiles/lpass-test.dir/xml.c.o[0m
[100%] [32m[1mLinking C executable lpass-test[0m
make[4]: Leaving directory `/home/travis/build/lastpass/lastpass-cli/build'
[100%] Built target lpass-test
make[3]: Leaving directory `/home/travis/build/lastpass/lastpass-cli/build'
make[2]: Leaving directory `/home/travis/build/lastpass/lastpass-cli/build'
make[1]: Leaving directory `/home/travis/build/lastpass/lastpass-cli/build'
make[1]: Entering directory `/home/travis/build/lastpass/lastpass-cli/build'
[36mRunning tests...[0m
Test project /home/travis/build/lastpass/lastpass-cli/build
      Start  1: test_login
 1/21 Test  #1: test_login ........................   Passed    0.03 sec
      Start  2: test_login_wrong_pw_should_fail
 2/21 Test  #2: test_login_wrong_pw_should_fail ...   Passed    0.02 sec
      Start  3: test_add_account
 3/21 Test  #3: test_add_account ..................   Passed    0.06 sec
      Start  4: test_add_note
 4/21 Test  #4: test_add_note .....................   Passed    0.06 sec
      Start  5: test_add_note_with_field
 5/21 Test  #5: test_add_note_with_field ..........   Passed    0.06 sec
      Start  6: test_add_site_note
 6/21 Test  #6: test_add_site_note ................   Passed    0.06 sec
      Start  7: test_add_ssn_name
 7/21 Test  #7: test_add_ssn_name .................   Passed    0.06 sec
      Start  8: test_add_ssh_key
 8/21 Test  #8: test_add_ssh_key ..................   Passed    0.08 sec
      Start  9: test_edit_ssh_key
 9/21 Test  #9: test_edit_ssh_key .................   Passed    0.10 sec
      Start 10: test_edit_username
10/21 Test #10: test_edit_username ................   Passed    0.06 sec
      Start 11: test_edit_field
11/21 Test #11: test_edit_field ...................   Passed    0.06 sec
      Start 12: test_edit_reprompt
12/21 Test #12: test_edit_reprompt ................   Passed    0.09 sec
      Start 13: test_duplicate
13/21 Test #13: test_duplicate ....................   Passed    0.06 sec
      Start 14: test_generate
14/21 Test #14: test_generate .....................   Passed    0.06 sec
      Start 15: test_show
15/21 Test #15: test_show .........................   Passed    0.05 sec
      Start 16: test_show_json
16/21 Test #16: test_show_json ....................   Passed    0.05 sec
      Start 17: test_show_note
17/21 Test #17: test_show_note ....................   Passed    0.05 sec
      Start 18: test_show_reprompt
18/21 Test #18: test_show_reprompt ................   Passed    0.05 sec
      Start 19: test_ls
19/21 Test #19: test_ls ...........................   Passed    0.05 sec
      Start 20: test_export
20/21 Test #20: test_export .......................   Passed    0.05 sec
      Start 21: test_export_extended
21/21 Test #21: test_export_extended ..............   Passed    0.05 sec

100% tests passed, 0 tests failed out of 21

Total Test time (real) =   1.23 sec
make[1]: Leaving directory `/home/travis/build/lastpass/lastpass-cli/build'
travis_time:end:06889c84:start=1555408289681518787,finish=1555408296984709233,duration=7303190446[0K[32;1mThe command "make && make test" exited with 0.[0m



Done. Your build exited with 0.
