travis_fold:start:worker_info[0K[33;1mWorker information[0m
hostname: 5560684d-636b-494b-b034-9a73f5bc748c@1.worker-org-6bc68c5dcd-crcqb.macstadium-prod-2
version: v6.2.0 https://github.com/travis-ci/worker/tree/5e5476e01646095f48eec13196fdb3faf8f5cbf7
instance: 1fad3e84-b7ff-4f36-8d4c-c1b2363de826 travis-ci-macos-10.13-xcode9.4.1-1529955246 (via amqp)
startup: 1m7.145728285s
travis_fold:end:worker_info[0Ktravis_fold:start:system_info[0K[33;1mBuild system information[0m
Build language: cpp
Build id: 563880035
Job id: 563880039
Runtime kernel version: 17.4.0
travis-build version: 24c88d12b
[34m[1mBuild image provisioning date and time[0m
Mon Jun 25 21:55:14 GMT 2018
[34m[1mOperating System Details[0m
ProductName:	Mac OS X
ProductVersion:	10.13.3
BuildVersion:	17D102
[34m[1mGit version[0m
git version 2.18.0
[34m[1mbash version[0m
GNU bash, version 3.2.57(1)-release (x86_64-apple-darwin17)
Copyright (C) 2007 Free Software Foundation, Inc.
[34m[1mGCC version[0m
Apple LLVM version 9.1.0 (clang-902.0.39.2)
Target: x86_64-apple-darwin17.4.0
Thread model: posix
InstalledDir: /Applications/Xcode-9.4.1.app/Contents/Developer/Toolchains/XcodeDefault.xctoolchain/usr/bin
[34m[1mLLVM version[0m
Apple LLVM version 9.1.0 (clang-902.0.39.2)
Target: x86_64-apple-darwin17.4.0
Thread model: posix
InstalledDir: /Applications/Xcode-9.4.1.app/Contents/Developer/Toolchains/XcodeDefault.xctoolchain/usr/bin
[34m[1mPre-installed Ruby versions[0m
ruby-2.3.5
ruby-2.4.3
[34m[1mPre-installed Node.js versions[0m
v4.9.1
v5.12.0
v6.14.3
v8.11.3
[34m[1mmvn -version[0m
Apache Maven 3.5.4 (1edded0938998edf8bf061f1ceb3cfdeccf443fe; 2018-06-17T18:33:14Z)
Maven home: /usr/local/Cellar/maven/3.5.4/libexec
Java version: 10.0.1, vendor: Oracle Corporation, runtime: /Library/Java/JavaVirtualMachines/jdk-10.0.1.jdk/Contents/Home
Default locale: en_US, platform encoding: UTF-8
OS name: "mac os x", version: "10.13.3", arch: "x86_64", family: "mac"
travis_fold:end:system_info[0K
Uninstalled oclint to prevent interference with other packages.
If you need oclint, you must explicitly install it.


travis_fold:start:git.checkout[0Ktravis_time:start:224da9dd[0K$ git clone --depth=50 https://github.com/lastpass/lastpass-cli.git lastpass/lastpass-cli
Cloning into 'lastpass/lastpass-cli'...
remote: Enumerating objects: 541, done.[K
remote: Counting objects:   0% (1/541)   [Kremote: Counting objects:   1% (6/541)   [Kremote: Counting objects:   2% (11/541)   [Kremote: Counting objects:   3% (17/541)   [Kremote: Counting objects:   4% (22/541)   [Kremote: Counting objects:   5% (28/541)   [Kremote: Counting objects:   6% (33/541)   [Kremote: Counting objects:   7% (38/541)   [Kremote: Counting objects:   8% (44/541)   [Kremote: Counting objects:   9% (49/541)   [Kremote: Counting objects:  10% (55/541)   [Kremote: Counting objects:  11% (60/541)   [Kremote: Counting objects:  12% (65/541)   [Kremote: Counting objects:  13% (71/541)   remote: Counting objects:  14% (76/541)   [Kremote: Counting objects:  15% (82/541)   [Kremote: Counting objects:  16% (87/541)   [Kremote: Counting objects:  17% (92/541)   [Kremote: Counting objects:  18% (98/541)   [Kremote: Counting objects:  19% (103/541)   [Kremote: Counting objects:  20% (109/541)   [Kremote: Counting objects:  21% (114/541)   [Kremote: Counting objects:  22% (120/541)   [Kremote: Counting objects:  23% (125/541)   [Kremote: Counting objects:  24% (130/541)   [Kremote: Counting objects:  25% (136/541)   [Kremote: Counting objects:  26% (141/541)   [Kremote: Counting objects:  27% (147/541)   [Kremote: Counting objects:  28% (152/541)   [Kremote: Counting objects:  29% (157/541)   [Kremote: Counting objects:  30% (163/541)   [Kremote: Counting objects:  31% (168/541)   [Kremote: Counting objects:  32% (174/541)   [Kremote: Counting objects:  33% (179/541)   [Kremote: Counting objects:  34% (184/541)   [Kremote: Counting objects:  35% (190/541)   [Kremote: Counting objects:  36% (195/541)   [Kremote: Counting objects:  37% (201/541)   [Kremote: Counting objects:  38% (206/541)   [Kremote: Counting objects:  39% (211/541)   [Kremote: Counting objects:  40% (217/541)   [Kremote: Counting objects:  41% (222/541)   [Kremote: Counting objects:  42% (228/541)   [Kremote: Counting objects:  43% (233/541)   [Kremote: Counting objects:  44% (239/541)   [Kremote: Counting objects:  45% (244/541)   [Kremote: Counting objects:  46% (249/541)   [Kremote: Counting objects:  47% (255/541)   [Kremote: Counting objects:  48% (260/541)   [Kremote: Counting objects:  49% (266/541)   [Kremote: Counting objects:  50% (271/541)   [Kremote: Counting objects:  51% (276/541)   [Kremote: Counting objects:  52% (282/541)   [Kremote: Counting objects:  53% (287/541)   [Kremote: Counting objects:  54% (293/541)   [Kremote: Counting objects:  55% (298/541)   [Kremote: Counting objects:  56% (303/541)   [Kremote: Counting objects:  57% (309/541)   [Kremote: Counting objects:  58% (314/541)   [Kremote: Counting objects:  59% (320/541)   [Kremote: Counting objects:  60% (325/541)   [Kremote: Counting objects:  61% (331/541)   [Kremote: Counting objects:  62% (336/541)   [Kremote: Counting objects:  63% (341/541)   [Kremote: Counting objects:  64% (347/541)   [Kremote: Counting objects:  65% (352/541)   [Kremote: Counting objects:  66% (358/541)   [Kremote: Counting objects:  67% (363/541)   [Kremote: Counting objects:  68% (368/541)   [Kremote: Counting objects:  69% (374/541)   [Kremote: Counting objects:  70% (379/541)   [Kremote: Counting objects:  71% (385/541)   [Kremote: Counting objects:  72% (390/541)   [Kremote: Counting objects:  73% (395/541)   [Kremote: Counting objects:  74% (401/541)   [Kremote: Counting objects:  75% (406/541)   [Kremote: Counting objects:  76% (412/541)   [Kremote: Counting objects:  77% (417/541)   [Kremote: Counting objects:  78% (422/541)   [Kremote: Counting objects:  79% (428/541)   [Kremote: Counting objects:  80% (433/541)   [Kremote: Counting objects:  81% (439/541)   [Kremote: Counting objects:  82% (444/541)   [Kremote: Counting objects:  83% (450/541)   [Kremote: Counting objects:  84% (455/541)   [Kremote: Counting objects:  85% (460/541)   [Kremote: Counting objects:  86% (466/541)   [Kremote: Counting objects:  87% (471/541)   [Kremote: Counting objects:  88% (477/541)   [Kremote: Counting objects:  89% (482/541)   [Kremote: Counting objects:  90% (487/541)   [Kremote: Counting objects:  91% (493/541)   [Kremote: Counting objects:  92% (498/541)   [Kremote: Counting objects:  93% (504/541)   [Kremote: Counting objects:  94% (509/541)   [Kremote: Counting objects:  95% (514/541)   [Kremote: Counting objects:  96% (520/541)   [Kremote: Counting objects:  97% (525/541)   [Kremote: Counting objects:  98% (531/541)   [Kremote: Counting objects:  99% (536/541)   [Kremote: Counting objects: 100% (541/541)   [Kremote: Counting objects: 100% (541/541), done.[K
remote: Compressing objects:   0% (1/283)   [Kremote: Compressing objects:   1% (3/283)   [Kremote: Compressing objects:   2% (6/283)   [Kremote: Compressing objects:   3% (9/283)   [Kremote: Compressing objects:   4% (12/283)   [Kremote: Compressing objects:   5% (15/283)   [Kremote: Compressing objects:   6% (17/283)   [Kremote: Compressing objects:   7% (20/283)   [Kremote: Compressing objects:   8% (23/283)   [Kremote: Compressing objects:   9% (26/283)   [Kremote: Compressing objects:  10% (29/283)   [Kremote: Compressing objects:  11% (32/283)   [Kremote: Compressing objects:  12% (34/283)   [Kremote: Compressing objects:  13% (37/283)   [Kremote: Compressing objects:  14% (40/283)   [Kremote: Compressing objects:  15% (43/283)   [Kremote: Compressing objects:  16% (46/283)   [Kremote: Compressing objects:  17% (49/283)   [Kremote: Compressing objects:  18% (51/283)   [Kremote: Compressing objects:  19% (54/283)   [Kremote: Compressing objects:  20% (57/283)   [Kremote: Compressing objects:  21% (60/283)   [Kremote: Compressing objects:  22% (63/283)   [Kremote: Compressing objects:  23% (66/283)   [Kremote: Compressing objects:  24% (68/283)   [Kremote: Compressing objects:  25% (71/283)   [Kremote: Compressing objects:  26% (74/283)   [Kremote: Compressing objects:  27% (77/283)   [Kremote: Compressing objects:  28% (80/283)   [Kremote: Compressing objects:  29% (83/283)   [Kremote: Compressing objects:  30% (85/283)   [Kremote: Compressing objects:  31% (88/283)   [Kremote: Compressing objects:  32% (91/283)   [Kremote: Compressing objects:  33% (94/283)   [Kremote: Compressing objects:  34% (97/283)   [Kremote: Compressing objects:  35% (100/283)   [Kremote: Compressing objects:  36% (102/283)   [Kremote: Compressing objects:  37% (105/283)   [Kremote: Compressing objects:  38% (108/283)   [Kremote: Compressing objects:  39% (111/283)   [Kremote: Compressing objects:  40% (114/283)   [Kremote: Compressing objects:  41% (117/283)   [Kremote: Compressing objects:  42% (119/283)   [Kremote: Compressing objects:  43% (122/283)   [Kremote: Compressing objects:  44% (125/283)   [Kremote: Compressing objects:  45% (128/283)   [Kremote: Compressing objects:  46% (131/283)   [Kremote: Compressing objects:  47% (134/283)   [Kremote: Compressing objects:  48% (136/283)   [Kremote: Compressing objects:  49% (139/283)   [Kremote: Compressing objects:  50% (142/283)   [Kremote: Compressing objects:  51% (145/283)   [Kremote: Compressing objects:  52% (148/283)   [Kremote: Compressing objects:  53% (150/283)   [Kremote: Compressing objects:  54% (153/283)   [Kremote: Compressing objects:  55% (156/283)   [Kremote: Compressing objects:  56% (159/283)   [Kremote: Compressing objects:  57% (162/283)   [Kremote: Compressing objects:  58% (165/283)   [Kremote: Compressing objects:  59% (167/283)   [Kremote: Compressing objects:  60% (170/283)   [Kremote: Compressing objects:  61% (173/283)   [Kremote: Compressing objects:  62% (176/283)   [Kremote: Compressing objects:  63% (179/283)   [Kremote: Compressing objects:  64% (182/283)   [Kremote: Compressing objects:  65% (184/283)   [Kremote: Compressing objects:  66% (187/283)   [Kremote: Compressing objects:  67% (190/283)   [Kremote: Compressing objects:  68% (193/283)   [Kremote: Compressing objects:  69% (196/283)   [Kremote: Compressing objects:  70% (199/283)   [Kremote: Compressing objects:  71% (201/283)   [Kremote: Compressing objects:  72% (204/283)   [Kremote: Compressing objects:  73% (207/283)   [Kremote: Compressing objects:  74% (210/283)   [Kremote: Compressing objects:  75% (213/283)   [Kremote: Compressing objects:  76% (216/283)   [Kremote: Compressing objects:  77% (218/283)   [Kremote: Compressing objects:  78% (221/283)   [Kremote: Compressing objects:  79% (224/283)   [Kremote: Compressing objects:  80% (227/283)   [Kremote: Compressing objects:  81% (230/283)   [Kremote: Compressing objects:  82% (233/283)   [Kremote: Compressing objects:  83% (235/283)   [Kremote: Compressing objects:  84% (238/283)   [Kremote: Compressing objects:  85% (241/283)   [Kremote: Compressing objects:  86% (244/283)   [Kremote: Compressing objects:  87% (247/283)   [Kremote: Compressing objects:  88% (250/283)   [Kremote: Compressing objects:  89% (252/283)   [Kremote: Compressing objects:  90% (255/283)   [Kremote: Compressing objects:  91% (258/283)   [Kremote: Compressing objects:  92% (261/283)   [Kremote: Compressing objects:  93% (264/283)   [Kremote: Compressing objects:  94% (267/283)   [Kremote: Compressing objects:  95% (269/283)   [Kremote: Compressing objects:  96% (272/283)   [Kremote: Compressing objects:  97% (275/283)   [Kremote: Compressing objects:  98% (278/283)   [Kremote: Compressing objects:  99% (281/283)   [Kremote: Compressing objects: 100% (283/283)   [Kremote: Compressing objects: 100% (283/283), done.[K
Receiving objects:   0% (1/541)   Receiving objects:   1% (6/541)   Receiving objects:   2% (11/541)   Receiving objects:   3% (17/541)   Receiving objects:   4% (22/541)   Receiving objects:   5% (28/541)   Receiving objects:   6% (33/541)   Receiving objects:   7% (38/541)   Receiving objects:   8% (44/541)   Receiving objects:   9% (49/541)   Receiving objects:  10% (55/541)   Receiving objects:  11% (60/541)   Receiving objects:  12% (65/541)   Receiving objects:  13% (71/541)   Receiving objects:  14% (76/541)   Receiving objects:  15% (82/541)   Receiving objects:  16% (87/541)   Receiving objects:  17% (92/541)   Receiving objects:  18% (98/541)   Receiving objects:  19% (103/541)   Receiving objects:  20% (109/541)   Receiving objects:  21% (114/541)   Receiving objects:  22% (120/541)   Receiving objects:  23% (125/541)   Receiving objects:  24% (130/541)   Receiving objects:  25% (136/541)   Receiving objects:  26% (141/541)   Receiving objects:  27% (147/541)   Receiving objects:  28% (152/541)   Receiving objects:  29% (157/541)   Receiving objects:  30% (163/541)   Receiving objects:  31% (168/541)   Receiving objects:  32% (174/541)   Receiving objects:  33% (179/541)   Receiving objects:  34% (184/541)   Receiving objects:  35% (190/541)   Receiving objects:  36% (195/541)   Receiving objects:  37% (201/541)   Receiving objects:  38% (206/541)   Receiving objects:  39% (211/541)   Receiving objects:  40% (217/541)   Receiving objects:  41% (222/541)   Receiving objects:  42% (228/541)   Receiving objects:  43% (233/541)   Receiving objects:  44% (239/541)   Receiving objects:  45% (244/541)   Receiving objects:  46% (249/541)   Receiving objects:  47% (255/541)   Receiving objects:  48% (260/541)   Receiving objects:  49% (266/541)   Receiving objects:  50% (271/541)   Receiving objects:  51% (276/541)   Receiving objects:  52% (282/541)   Receiving objects:  53% (287/541)   Receiving objects:  54% (293/541)   Receiving objects:  55% (298/541)   Receiving objects:  56% (303/541)   Receiving objects:  57% (309/541)   Receiving objects:  58% (314/541)   Receiving objects:  59% (320/541)   Receiving objects:  60% (325/541)   Receiving objects:  61% (331/541)   Receiving objects:  62% (336/541)   Receiving objects:  63% (341/541)   Receiving objects:  64% (347/541)   Receiving objects:  65% (352/541)   Receiving objects:  66% (358/541)   Receiving objects:  67% (363/541)   Receiving objects:  68% (368/541)   Receiving objects:  69% (374/541)   Receiving objects:  70% (379/541)   Receiving objects:  71% (385/541)   Receiving objects:  72% (390/541)   Receiving objects:  73% (395/541)   Receiving objects:  74% (401/541)   Receiving objects:  75% (406/541)   remote: Total 541 (delta 299), reused 427 (delta 251), pack-reused 0[K
Receiving objects:  76% (412/541)   Receiving objects:  77% (417/541)   Receiving objects:  78% (422/541)   Receiving objects:  79% (428/541)   Receiving objects:  80% (433/541)   Receiving objects:  81% (439/541)   Receiving objects:  82% (444/541)   Receiving objects:  83% (450/541)   Receiving objects:  84% (455/541)   Receiving objects:  85% (460/541)   Receiving objects:  86% (466/541)   Receiving objects:  87% (471/541)   Receiving objects:  88% (477/541)   Receiving objects:  89% (482/541)   Receiving objects:  90% (487/541)   Receiving objects:  91% (493/541)   Receiving objects:  92% (498/541)   Receiving objects:  93% (504/541)   Receiving objects:  94% (509/541)   Receiving objects:  95% (514/541)   Receiving objects:  96% (520/541)   Receiving objects:  97% (525/541)   Receiving objects:  98% (531/541)   Receiving objects:  99% (536/541)   Receiving objects: 100% (541/541)   Receiving objects: 100% (541/541), 240.62 KiB | 6.17 MiB/s, done.
Resolving deltas:   0% (0/299)   Resolving deltas:   2% (8/299)   Resolving deltas:   3% (11/299)   Resolving deltas:   8% (25/299)   Resolving deltas:  10% (30/299)   Resolving deltas:  33% (101/299)   Resolving deltas:  35% (105/299)   Resolving deltas:  40% (122/299)   Resolving deltas:  41% (123/299)   Resolving deltas:  42% (128/299)   Resolving deltas:  43% (129/299)   Resolving deltas:  49% (148/299)   Resolving deltas:  50% (152/299)   Resolving deltas:  51% (153/299)   Resolving deltas:  55% (165/299)   Resolving deltas:  56% (170/299)   Resolving deltas:  57% (171/299)   Resolving deltas:  61% (185/299)   Resolving deltas:  64% (194/299)   Resolving deltas:  65% (196/299)   Resolving deltas:  67% (203/299)   Resolving deltas:  68% (206/299)   Resolving deltas:  69% (209/299)   Resolving deltas:  70% (210/299)   Resolving deltas:  71% (215/299)   Resolving deltas:  74% (222/299)   Resolving deltas:  75% (227/299)   Resolving deltas:  76% (229/299)   Resolving deltas:  78% (234/299)   Resolving deltas:  79% (237/299)   Resolving deltas:  80% (241/299)   Resolving deltas:  81% (244/299)   Resolving deltas:  82% (246/299)   Resolving deltas:  84% (252/299)   Resolving deltas:  85% (256/299)   Resolving deltas:  88% (264/299)   Resolving deltas:  90% (270/299)   Resolving deltas:  91% (273/299)   Resolving deltas:  92% (278/299)   Resolving deltas:  93% (279/299)   Resolving deltas:  95% (286/299)   Resolving deltas:  96% (290/299)   Resolving deltas:  97% (291/299)   Resolving deltas:  98% (296/299)   Resolving deltas: 100% (299/299)   Resolving deltas: 100% (299/299), done.
travis_time:end:224da9dd:start=1564123205238949000,finish=1564123206937847000,duration=1698898000[0K$ cd lastpass/lastpass-cli
travis_time:start:13935628[0K$ git fetch origin +refs/pull/516/merge:
remote: Enumerating objects: 18, done.[K
remote: Counting objects:   6% (1/16)   [Kremote: Counting objects:  12% (2/16)   [Kremote: Counting objects:  18% (3/16)   [Kremote: Counting objects:  25% (4/16)   [Kremote: Counting objects:  31% (5/16)   [Kremote: Counting objects:  37% (6/16)   [Kremote: Counting objects:  43% (7/16)   [Kremote: Counting objects:  50% (8/16)   [Kremote: Counting objects:  56% (9/16)   [Kremote: Counting objects:  62% (10/16)   [Kremote: Counting objects:  68% (11/16)   [Kremote: Counting objects:  75% (12/16)   [Kremote: Counting objects:  81% (13/16)   [Kremote: Counting objects:  87% (14/16)   [Kremote: Counting objects:  93% (15/16)   [Kremote: Counting objects: 100% (16/16)   [Kremote: Counting objects: 100% (16/16), done.[K
remote: Compressing objects:  25% (1/4)   [Kremote: Compressing objects:  50% (2/4)   [Kremote: Compressing objects:  75% (3/4)   [Kremote: Compressing objects: 100% (4/4)   [Kremote: Compressing objects: 100% (4/4), done.[K
remote: Total 4 (delta 2), reused 0 (delta 0), pack-reused 0[K
Unpacking objects:  25% (1/4)   Unpacking objects:  50% (2/4)   Unpacking objects:  75% (3/4)   Unpacking objects: 100% (4/4)   Unpacking objects: 100% (4/4), done.
From https://github.com/lastpass/lastpass-cli
 * branch            refs/pull/516/merge -> FETCH_HEAD
travis_time:end:13935628:start=1564123206992415000,finish=1564123207681430000,duration=689015000[0K$ git checkout -qf FETCH_HEAD
travis_fold:end:git.checkout[0K
$ export TRAVIS_COMPILER=clang
$ export CXX=${CXX:-clang++}
$ export CXX_FOR_BUILD=${CXX_FOR_BUILD:-clang++}
$ export CC=${CC:-clang}
$ export CC_FOR_BUILD=${CC_FOR_BUILD:-clang}
$ clang --version
Apple LLVM version 9.1.0 (clang-902.0.39.2)
Target: x86_64-apple-darwin17.4.0
Thread model: posix
InstalledDir: /Applications/Xcode-9.4.1.app/Contents/Developer/Toolchains/XcodeDefault.xctoolchain/usr/bin
travis_fold:start:before_install.1[0Ktravis_time:start:00c2e330[0K$ if [[ "$TRAVIS_OS_NAME" == "osx" ]]; then brew update; fi
[34m==>[0m [1mHomebrew is run entirely by unpaid volunteers. Please consider donating:[0m
  [4mhttps://github.com/Homebrew/brew#donations[24m
Updated 2 taps (homebrew/cask and homebrew/core).
[34m==>[0m [1mNew Formulae[0m
ahoy                                     libsixel
aliyun-cli                               libspng
allureofthestars                         libvirt-glib
amtk                                     libvmaf
anime-downloader                         libvncserver
antibody                                 libzt
anycable-go                              lizard
anyenv                                   llvm@6
aom                                      llvm@7
appstream-glib                           lsd
aravis                                   lsusb
astrometry-net                           luarocks
asyncplusplus                            luit
atlantis                                 mage
atomist-cli                              mallet
aws-google-auth                          man-db
aws-iam-authenticator                    mariadb@10.3
aws-okta                                 maven@3.5
azure-storage-cpp                        mdbook
badtouch                                 mesa
bazelisk                                 micronaut
benthos                                  minica
black                                    miniserve
bloaty                                   mkcert
bluetoothconnector                       moarvm
borgmatic                                molten-vk
boringtun                                mongodb@3.6
breezy                                   needle
buildkit                                 netlify-cli
bumpversion                              newman
bundletool                               nlohmann-json
c-blosc                                  nng
cafeobj                                  node@10
carla                                    nqp
cash-cli                                 nu-smv
cassandra-reaper                         nwchem
catch2                                   objfw
ccls                                     oclgrind
cfn-lint                                 opa
cgit                                     opencv@3
chafa                                    openkim-models
cjson                                    opensubdiv
clojure-lsp                              opentracing-cpp
clzip                                    operator-sdk
cmdshelf                                 ospray
cmix                                     osqp
cmusfm                                   osx-cpu-temp
contentful-cli                           otf2
cpl                                      oxipng
cpp-gsl                                  pagmo
cql                                      pass-otp
create-dmg                               pcapplusplus
cryptominisat                            perltidy
csound                                   peru
cstore_fdw                               petsc-complex
csvq                                     phpmd
cubelib                                  phpstan
curl-openssl                             picat
cwlogs                                   pict
cxxopts                                  pijul
cypher-shell                             pipx
dav1d                                    postgresql@10
dbmate                                   pprint
deno                                     prettier
devspace                                 procs
dhall                                    proper
dhall-bash                               proteinortho
diceware                                 protobuf@3.6
diskus                                   protoc-gen-go
dmg2img                                  prototool
dnscontrol                               pulumi
docker-credential-helper-ecr             pyinstaller
docker-machine-driver-hyperkit           pyside
docker-machine-driver-vmware             python-yq
dockerize                                qalculate-gtk
drone-cli                                quickjs
dust                                     rakudo
easyengine                               range-v3
eg-examples                              rargs
embree                                   rbspy
entityx                                  re-flex
erlang@21                                react-native-cli
eslint                                   redis@4.0
esptool                                  reprepro
fasttext                                 riff
faudio                                   rke
fauna-shell                              ruby@2.4
fff                                      ruby@2.5
ffsend                                   s2geometry
fluxctl                                  s3ql
frpc                                     scala@2.12
frps                                     scdoc
fx                                       schema-evolution-manager
gambit                                   scws
gambit-scheme                            sd
gatsby-cli                               serve
gcc@8                                    serverless
geant4                                   sfst
gel                                      sha3sum
geogram                                  shadowenv
gerbil-scheme                            shellz
ghr                                      ship
git-absorb                               signal-cli
gitleaks                                 simple-scan
gitmoji                                  sk
gnunet                                   skopeo
go@1.10                                  sloc
go@1.11                                  smimesign
golang-migrate                           sn0int
goreman                                  sng
gptfdisk                                 solr@7.7
gradio                                   sonarqube-lts
grpc-swift                               sonobuoy
grpcurl                                  sourcedocs
gtranslator                              spice-gtk
h3                                       spice-protocol
healpix                                  spirv-cross
heatshrink                               spirv-tools
helmfile                                 squashfuse
helmsman                                 stanford-corenlp
hexyl                                    step
hey                                      stolon
homeassistant-cli                        swagger-codegen@2
hyperkit                                 swagger2markup-cli
i2pd                                     swig@3
i386-elf-binutils                        switch-lan-play
i386-elf-gcc                             tass64
i386-elf-gdb                             tdlib
i386-elf-grub                            tealdeer
inadyn                                   termshark
include-what-you-use                     termtosvg
infrakit                                 terraform@0.11
inlets                                   terraformer
interactive-rebase-tool                  terrahub
ipopt                                    tesseract-lang
istioctl                                 tflint
itk                                      thors-serializer
janet                                    tmx
jinja2-cli                               topgrade
jmxterm                                  triangle
jp                                       ucloud
json11                                   um
k3d                                      ungit
k6                                       up
kahip                                    usbredir
kcov                                     v2ray-plugin
kim-api                                  vapoursynth-imwri
ktlint                                   vapoursynth-ocr
kubeaudit                                vapoursynth-sub
kubeprod                                 vfuse
kubernetes-service-catalog-client        virgil
kubeseal                                 volt
kubespy                                  vulkan-headers
kustomize                                wcslib
lazygit                                  weaver
leela-zero                               websocat
lf                                       whalebrew
libcerf                                  wiremock-standalone
libevhtp                                 wsk
libgr                                    wskdeploy
libgusb                                  xcodegen
libkeccak                                xsimd
libnova                                  yapf
libopenmpt                               yarn-completion
libpsl                                   zabbix-cli
libpulsar                                zlog
libsignal-protocol-c                     zydis
[34m==>[0m [1mUpdated Formulae[0m
[1mautomake [32mâœ”[0m[0m                               libfaketime
[1mboost [32mâœ”[0m[0m                                  libfixbuf
[1mcarthage [32mâœ”[0m[0m                               libfreehand
[1mcgal [32mâœ”[0m[0m                                   libgaiagraphics
[1mcmake [32mâœ”[0m[0m                                  libgda
[1mcoreutils [32mâœ”[0m[0m                              libgdata
[1mfreexl [32mâœ”[0m[0m                                 libgee
[1mgdal [32mâœ”[0m[0m                                   libgit2
[1mgdbm [32mâœ”[0m[0m                                   libgit2-glib
[1mgeos [32mâœ”[0m[0m                                   libglade
[1mgettext [32mâœ”[0m[0m                                libglademm
[1mgiflib [32mâœ”[0m[0m                                 libgnomecanvas
[1mgit [32mâœ”[0m[0m                                    libgnomecanvasmm
[1mgnupg [32mâœ”[0m[0m                                  libgosu
[1mgnutls [32mâœ”[0m[0m                                 libgphoto2
[1mgo [32mâœ”[0m[0m                                     libgsf
[1micu4c [32mâœ”[0m[0m                                  libgtop
[1mlibassuan [32mâœ”[0m[0m                              libgweather
[1mlibevent [32mâœ”[0m[0m                               libgxps
[1mlibgcrypt [32mâœ”[0m[0m                              libhdhomerun
[1mlibgeotiff [32mâœ”[0m[0m                             libheif
[1mlibgpg-error [32mâœ”[0m[0m                           libhttpserver
[1mlibidn2 [32mâœ”[0m[0m                                libhttpseverywhere
[1mlibpng [32mâœ”[0m[0m                                 libical
[1mlibpq [32mâœ”[0m[0m                                  libiconv
[1mlibspatialite [32mâœ”[0m[0m                          libidl
[1mlibssh [32mâœ”[0m[0m                                 libimagequant
[1mlibtiff [32mâœ”[0m[0m                                libimobiledevice
[1mlibxml2 [32mâœ”[0m[0m                                libinfinity
[1mlibyaml [32mâœ”[0m[0m                                libiptcdata
[1mmaven [32mâœ”[0m[0m                                  libiscsi
[1mmercurial [32mâœ”[0m[0m                              libjson-rpc-cpp
[1mmpfr [32mâœ”[0m[0m                                   libjwt
[1mmsgpack [32mâœ”[0m[0m                                liblas
[1mnettle [32mâœ”[0m[0m                                 liblcf
[1mnode [32mâœ”[0m[0m                                   liblinear
[1mnpth [32mâœ”[0m[0m                                   liblo
[1mnumpy [32mâœ”[0m[0m                                  liblqr
[1mopenssl [32mâœ”[0m[0m                                libltc
[1mopenssl@1.1 [32mâœ”[0m[0m                            liblunar
[1mp11-kit [32mâœ”[0m[0m                                liblwgeom
[1mpcre [32mâœ”[0m[0m                                   libmaa
[1mpostgis [32mâœ”[0m[0m                                libmagic
[1mpostgresql [32mâœ”[0m[0m                             libmatio
[1mproj [32mâœ”[0m[0m                                   libmatroska
[1mpyenv [32mâœ”[0m[0m                                  libmicrohttpd
[1mpython [32mâœ”[0m[0m                                 libmp3splt
[1mpython@2 [32mâœ”[0m[0m                               libmpd
[1mreadline [32mâœ”[0m[0m                               libmpdclient
[1msfcgal [32mâœ”[0m[0m                                 libmspub
[1msqlite [32mâœ”[0m[0m                                 libmtp
[1mswiftlint [32mâœ”[0m[0m                              libmwaw
[1mtmate [32mâœ”[0m[0m                                  libmxml
[1mwget [32mâœ”[0m[0m                                   libmypaint
[1mxctool [32mâœ”[0m[0m                                 libnfs
abcde                                    libnice
abcm2ps                                  libnids
abcmidi                                  libnotify
abook                                    libntlm
abyss                                    libodfgen
ace                                      libofx
ack                                      libomp
acpica                                   libopendkim
activemq                                 libopkele
activemq-cpp                             libopusenc
adr-tools                                libosinfo
advancecomp                              libosmium
advancemame                              libpcap
adwaita-icon-theme                       libpeas
aescrypt-packetizer                      libphonenumber
afflib                                   libplctag
afio                                     libplist
agda                                     libpointing
agedu                                    libpqxx
aha                                      libprotoident
aide                                     libproxy
aircrack-ng                              libpst
akamai                                   libqalculate
akka                                     libquicktime
alexjs                                   librasterlite
algernon                                 libraw
allegro                                  librdkafka
allure                                   libre
alluxio                                  libreadline-java
alot                                     librealsense
amazon-ecs-cli                           librem
ammonite-repl                            libressl
amqp-cpp                                 librest
angband                                  librsvg
angle-grinder                            librtlsdr
angular-cli                              libsamplerate
anjuta                                   libsass
annie                                    libsbol
ansible                                  libsecret
ansible-cmdb                             libshout
ansible-lint                             libsigc++
ansifilter                               libsmf
ansiweather                              libsodium
ant                                      libsoundio
ant@1.9                                  libsoup
antlr                                    libspectre
antlr4-cpp-runtime                       libspectrum
antlr@2                                  libssh2
apache-archiva                           libstatgrab
apache-arrow                             libstfl
apache-arrow-glib                        libsvm
apache-drill                             libswiften
apache-flink                             libtcod
apache-geode                             libtensorflow
apache-opennlp                           libtermkey
apache-spark                             libtins
apache-zeppelin                          libtomcrypt
apachetop                                libtommath
apibuilder-cli                           libtorrent-rasterbar
apktool                                  libtrace
app-engine-java                          libu2f-host
app-engine-python                        libuninameslist
appledoc                                 libuv
appscale-tools                           libvirt
apr                                      libvisio
apt-dater                                libvoikko
aptly                                    libvpx
aqbanking                                libvterm
arangodb                                 libwbxml
arcade-learning-environment              libwebsockets
argon2                                   libwpd
argus-clients                            libwpg
argyll-cms                               libwps
aria2                                    libxc
arm-linux-gnueabihf-binutils             libxkbcommon
armadillo                                libxlsxwriter
armor                                    libxml++
arp-scan                                 libxml++3
arpack                                   libxmlsec1
artifactory                              libxo
arx                                      libxslt
asciidoc                                 libzdb
asciidoctor                              libzip
asciidoctorj                             lighttpd
asciinema                                lilv
asdf                                     link-grammar
asio                                     linkerd
ask-cli                                  links
aspcud                                   liquibase
aspectj                                  liquigraph
assh                                     livestreamer
atari800                                 lldpd
atdtool                                  llnode
atk                                      llvm
atkmm                                    llvm@3.9
atlassian-cli                            llvm@4
atomicparsley                            llvm@5
ats2-postiats                            lmdb
aubio                                    lmod
audacious                                lnav
auditbeat                                log4cplus
augeas                                   log4shib
augustus                                 logcheck
aurora                                   logentries
aurora-cli                               logrotate
autoconf-archive                         logstalgia
autogen                                  logstash
autojump                                 logtalk
autopep8                                 lolcat
autorest                                 lorem
autossh                                  loudmouth
avfs                                     lrzsz
avian                                    lsdvd
avra                                     lsof
avrdude                                  ltc-tools
avro-c                                   lua
avro-cpp                                 lua@5.1
avro-tools                               luaradio
awf                                      lumo
awk                                      luvit
aws-elasticbeanstalk                     lv2
aws-es-proxy                             lwtools
aws-sdk-cpp                              lxc
aws-shell                                lynis
awscli                                   lynx
awslogs                                  lz4
axel                                     lzip
azure-cli                                lzlib
b2-tools                                 mackup
babel                                    macvim
babeld                                   mafft
babl                                     magic-wormhole
backupninja                              magnetix
bacula-fd                                mailutils
ballerina                                makensis
bandcamp-dl                              mame
baobab                                   mandoc
bareos-client                            mapcrafter
baresip                                  mapnik
bartycrouch                              mapserver
basex                                    mariadb
bash                                     mariadb-connector-c
bash-snippets                            mariadb@10.0
bashdb                                   mariadb@10.1
bat                                      mariadb@10.2
batik                                    mas
bats-core                                math-comp
bazel                                    maxima
bcal                                     maxwell
bcftools                                 mbedtls
bde                                      mcabber
bdw-gc                                   mdbtools
beagle                                   mdcat
beanstalkd                               mdds
bear                                     mdk
beast                                    mdp
bedops                                   mdv
bedtools                                 media-info
bee                                      mednafen
befunge93                                megacmd
bench                                    megatools
bento4                                   memcached
berkeley-db                              menhir
bettercap                                meson
bgpdump                                  meson-internal
bgpq3                                    mesos
bgpstream                                metabase
bibtexconv                               metaproxy
bibutils                                 metashell
bigloo                                   metricbeat
binaryen                                 mg
bind                                     mgba
bindfs                                   micro
binutils                                 micropython
binwalk                                  midgard2
biogeme                                  midnight-commander
bison                                    mighttpd2
bit                                      mikutter
bitcoin                                  mill
bitlbee                                  miller
bitrise                                  mimic
bitwarden-cli                            minbif
blackbox                                 minetest
blahtexml                                mingw-w64
blast                                    minimal-racket
blastem                                  minimesos
blink1                                   minio
blockhash                                minio-mc
bluepill                                 minizinc
blueutil                                 mint
bmake                                    mitie
bnd                                      mitmproxy
bookloupe                                mk-configure
boost-bcp                                mkclean
boost-build                              mkdocs
boost-mpi                                mkl-dnn
boost-python                             mksh
boost-python3                            mkvtoolnix
botan                                    mlkit
bower                                    mlt
bowtie2                                  mmark
boxes                                    mmseqs2
braid                                    mockserver
brew-gem                                 modd
brew-php-switcher                        modules
bro                                      mogenerator
brogue                                   molecule
brotli                                   monero
btfs                                     monetdb
buildifier                               mongo-c-driver
buku                                     mongo-cxx-driver
bullet                                   mongo-orchestration
bup                                      mongodb
burp                                     mongodb@3.0
bwfmetaedit                              mongodb@3.2
bwm-ng                                   mongodb@3.4
byacc                                    mongoose
byobu                                    monit
byteman                                  monkeysphere
bzip2                                    mono
bzt                                      mono-libgdiplus
c-ares                                   moreutils
c10t                                     mosh
cabal-install                            mosquitto
cabextract                               most
cadaver                                  mozjpeg
caddy                                    mp3splt
caf                                      mpc
caffe                                    mpck
cairo                                    mpd
cairomm                                  mpdscribble
cake                                     mpg123
calabash                                 mpich
calc                                     mplayer
calcurse                                 mplayershell
calicoctl                                mpop
camlp4                                   mps-youtube
camlp5                                   mpv
capnp                                    mr
capstone                                 mrboom
cargo-completion                         mrtg
carrot2                                  mruby
cassandra                                mscgen
cassandra@2.1                            msitools
cassandra@2.2                            msktutil
castxml                                  msmtp
cataclysm                                mtools
catimg                                   mu
cattle                                   mujs
cayley                                   multimarkdown
cc65                                     muparser
ccache                                   mupdf
ccextractor                              mupdf-tools
cclive                                   mutt
ccm                                      mvnvm
ccrypt                                   mvtools
cdk                                      mycli
cdogs-sdl                                mypy
center-im                                mysql
ceres-solver                             mysql++
cern-ndiff                               mysql-client
certbot                                  mysql@5.5
certigo                                  mysql@5.6
cf4ocl                                   mysql@5.7
cfengine                                 mysqltuner
cfitsio                                  n
cflow                                    nagios
cfr-decompiler                           nailgun
cfssl                                    nano
cgdb                                     nanomsg
cglm                                     nanopb-generator
cgrep                                    nasm
chakra                                   natalie
chamber                                  nativefier
chapel                                   nats-streaming-server
charm                                    naturaldocs
cheat                                    nave
check_postgres                           ncdc
checkbashisms                            ncdu
checkstyle                               ncmpc
chezscheme                               ncmpcpp
chicken                                  nco
chipmunk                                 ncompress
chisel                                   ncview
chkrootkit                               ndpi
choose                                   ne
chrome-cli                               neko
chrome-export                            neo4j
chronograf                               neofetch
chruby-fish                              neomutt
cimg                                     neovim
circleci                                 net-snmp
citus                                    netcdf
cjdns                                    netdata
ckan                                     nethack
clamav                                   netpbm
clang-format                             newlisp
clblast                                  newsboat
clhep                                    newt
cli53                                    nexus
click                                    nghttp2
cling                                    nginx
clingo                                   ngircd
clipper                                  ngspice
clipsafe                                 nickle
clisp                                    nicovideo-dl
cloc                                     nifi
clojure                                  nifi-registry
clojurescript                            nim
closure-compiler                         ninja
clozure-cl                               nkf
clutter                                  nlopt
clutter-gst                              nmh
clutter-gtk                              nnn
cmark                                    node-build
cmark-gfm                                node@8
cmocka                                   node_exporter
cmus                                     nodebrew
cnats                                    nodeenv
cockroach                                nodenv
cocoapods                                nomad
codemod                                  nordugrid-arc
codequery                                noti
coffeescript                             notmuch
cogl                                     nsd
cointop                                  nspr
collada-dom                              nsq
collectd                                 nss
collector-sidecar                        ntfs-3g
commandbox                               ntl
compcert                                 ntopng
composer                                 ntp
conan                                    nu
configen                                 nuget
confluent-oss                            nuxeo
confuse                                  nvc
conjure-up                               nvm
conserver                                nyancat
console_bridge                           nyx
consul                                   nzbget
consul-backinator                        objc-codegenutils
consul-template                          ocaml
container-diff                           ocaml-num
convox                                   ocamlbuild
cookiecutter                             ocamlsdl
coq                                      ocrad
corectl                                  ocrmypdf
corsixth                                 octave
coturn                                   odpi
couchdb                                  offlineimap
cp2k                                     ohcount
cpanminus                                ola
cpansearch                               omega
cpmtools                                 omniorb
cppad                                    ompl
cppcheck                                 oniguruma
cppcms                                   onscripter
cpprestsdk                               opam
cproto                                   open-babel
cquery                                   open-jtalk
cracklib                                 open-mesh
crc32c                                   open-mpi
credstash                                open-scene-graph
creduce                                  open-zwave
cromwell                                 openal-soft
crosstool-ng                             openapi-generator
crowdin                                  openblas
cryfs                                    opencascade
cryptol                                  opencc
cryptopp                                 openclonk
crystal-icr                              opencoarrays
cscope                                   opencolorio
csfml                                    openconnect
csv-fix                                  opencv
csvkit                                   opencv@2
csvprintf                                opendbx
csvtomd                                  opendetex
ctl                                      openexr
ctop                                     openfortivpn
cucumber-cpp                             openh264
curaengine                               openhmd
curl                                     openimageio
curlftpfs                                openjpeg
curlpp                                   openldap
cutter                                   openmsx
cvs2svn                                  openrct2
cython                                   openrtsp
czmq                                     opensaml
dar                                      opensc
darcs                                    openshift-cli
darksky-weather                          openslide
dartsim                                  openssh
dash                                     opentsdb
dasht                                    openttd
datamash                                 openvdb
datetime-fortran                         openvpn
dateutils                                opus
davix                                    opus-tools
davmail                                  opusfile
dbhash                                   orbit
dbus                                     orc-tools
dbus-glib                                ori
dbxml                                    ortp
dc3dd                                    osc
dcd                                      oscats
dcm2niix                                 osm-gps-map
dcmtk                                    osm-pbf
dcos-cli                                 osm2pgrouting
ddclient                                 osm2pgsql
ddgr                                     osmium-tool
ddrescue                                 osmosis
deark                                    osquery
debianutils                              osrm-backend
dehydrated                               overmind
deja-gnu                                 owfs
dep                                      oysttyer
dependency-check                         pacapt
deployer                                 packer
derby                                    packmol
desktop-file-utils                       pacvim
devd                                     paket
devtodo                                  pam-u2f
dfc                                      pandoc
dfmt                                     pandoc-citeproc
dhall-json                               pandoc-crossref
dhex                                     pango
di                                       pangomm
dialog                                   paperkey
diamond                                  paps
diff-pdf                                 parallel
diff-so-fancy                            parallelstl
diffoscope                               pari
diffstat                                 pass
diffutils                                passenger
digdag                                   passpie
digitemp                                 patchelf
direnv                                   payara
direvent                                 pazpar2
discount                                 pbrt
distcc                                   pc6001vx
dita-ot                                  pcb
django-completion                        pcb2gcode
dlib                                     pce
dmd                                      pcl
dmenu                                    pcre2
dnscrypt-proxy                           pcsc-lite
dnscrypt-wrapper                         pdal
dnsdist                                  pdf2htmlex
dnsmasq                                  pdf2svg
dnsperf                                  pdfcrack
dnstwist                                 pdfgrep
dnsviz                                   pdfpc
docfx                                    pdfsandwich
docker                                   pdftoipe
docker-completion                        pdns
docker-compose                           pdnsrec
docker-compose-completion                pdsh
docker-credential-helper                 peg-markdown
docker-ls                                pegtl
docker-machine                           percol
docker-machine-completion                percona-server
docker-machine-driver-xhyve              percona-server-mongodb
docker-machine-nfs                       percona-toolkit
docker-machine-parallels                 percona-xtrabackup
docker-squash                            perl
doctl                                    perl-build
docutils                                 petsc
doitlive                                 pgbadger
dopewars                                 pgbouncer
dosbox                                   pgcli
dosbox-x                                 pgformatter
double-conversion                        pgloader
dovecot                                  pgplot
doxygen                                  pgpool-ii
dpkg                                     pgroonga
draco                                    pgrouting
dropbear                                 pgweb
druid                                    phoronix-test-suite
dscanner                                 php
dspdfviewer                              php-code-sniffer
dssim                                    php-cs-fixer
dtc                                      php@7.1
dub                                      phplint
duc                                      phpmyadmin
duck                                     phpunit
dungeon                                  physfs
duo_unix                                 picard-tools
duplicity                                pick
duply                                    pidgin
dvm                                      pig
dwarf                                    pike
dwarfutils                               pilosa
dwdiff                                   pinboard-notes-backup
dwm                                      pinfo
dxpy                                     pioneer
dyld-headers                             pioneers
dynamips                                 pip-completion
dynare                                   pipenv
e2fsprogs                                pius
easy-tag                                 pixman
easyrpg-player                           pixz
ecasound                                 pjproject
eccodes                                  pkcs11-helper
ed                                       pktanon
editorconfig                             planck
efl                                      plank
eiffelstudio                             plantuml
eigen                                    platformio
ejabberd                                 platypus
ekg2                                     plplot
elasticsearch                            plzip
elasticsearch@5.6                        pmd
elektra                                  pms
elixir                                   png++
elm                                      pngquant
elm-format                               poco
elvish                                   pod2man
emacs                                    podofo
emacs-clang-complete-async               points2grid
embulk                                   polyml
emscripten                               pony-stable
encfs                                    ponyc
enchant                                  poppler
enet                                     portmidi
enigma                                   posh
enscript                                 postgres-xc
entr                                     postgresql@9.4
envconsul                                postgresql@9.5
ephemeralpg                              postgresql@9.6
epic5                                    postgrest
eprover                                  povray
epubcheck                                powerman
eralchemy                                ppsspp
erlang                                   pqiv
erlang@17                                pre-commit
erlang@19                                precomp
erlang@20                                prefixsuffix
etcd                                     prest
ethereum                                 presto
etl                                      primesieve
etsh                                     prips
ettercap                                 privoxy
euler-py                                 procyon-decompiler
evince                                   profanity
exa                                      proftpd
exact-image                              progress
exempi                                   proguard
exercism                                 prometheus
exiftool                                 proselint
exim                                     protobuf
exiv2                                    protobuf-c
exomizer                                 protobuf-swift
expat                                    protobuf@3.1
exploitdb                                proxychains-ng
eye-d3                                   ps2eps
f3                                       pspg
faas-cli                                 psql2csv
fabio                                    pstoedit
fabric                                   ptex
fades                                    pulledpork
fail2ban                                 pulseaudio
fakeroot                                 pumba
fastbit                                  pure-ftpd
fastme                                   purescript
fastqc                                   pushpin
fatsort                                  putty
fb-client                                puzzles
fbi-servefiles                           pwntools
fceux                                    pwsafe
fcl                                      py2cairo
fd                                       py3cairo
fdclone                                  pybind11
fdk-aac                                  pycodestyle
fdk-aac-encoder                          pygitup
fdroidserver                             pygobject
feedgnuplot                              pygobject3
feh                                      pygtk
ffe                                      pygtkglext
ffmpeg                                   pygtksourceview
ffmpeg2theora                            pyinvoke
ffmpeg@2.8                               pypy
ffmpegthumbnailer                        pypy3
ffms2                                    pyqt
fftw                                     python-markdown
fibjs                                    pytouhou
field3d                                  pyvim
fifechan                                 q
file-formula                             qbs
file-roller                              qca
fio                                      qcachegrind
firebase-cli                             qcli
fish                                     qd
flake8                                   qemu
flann                                    qjackctl
flashrom                                 qmmp
flatbuffers                              qpdf
flatcc                                   qpid-proton
flawfinder                               qrupdate
flex                                     qscintilla2
flintrock                                qt
flow                                     qtkeychain
fltk                                     quantlib
fluent-bit                               quazip
fluid-synth                              quex
flume                                    quicktype
flyway                                   quilt
fmpp                                     qwt
fmsx                                     qxmpp
fmt                                      r
fn                                       rabbitmq
fobis                                    radare2
folly                                    rakudo-star
fontconfig                               rancher-cli
fontforge                                rancid
fonttools                                ranger
ford                                     rawtoaces
fork-cleaner                             raylib
fortio                                   rbenv
fossil                                   rclone
fourstore                                rdesktop
fpc                                      rdfind
fping                                    rdup
fq                                       re2
freeciv                                  re2c
freediameter                             reattach-to-user-namespace
freedink                                 recode
freeimage                                recon-ng
freeipmi                                 recoverjpeg
freeling                                 recutils
freeradius-server                        redex
freetds                                  redis
freetds@0.91                             redis@3.2
freetype                                 redo
fribidi                                  redshift
frugal                                   remarshal
fruit                                    remind
fs-uae                                   rename
fselect                                  renameutils
fstrm                                    repo
fswatch                                  reposurgeon
fuse-emulator                            restic
fuse-zip                                 restview
fuseki                                   rethinkdb
futhark                                  rex
fwknop                                   rgbds
fwup                                     rhash
fzf                                      rhino
fzy                                      riak
gabedit                                  riemann
galen                                    riemann-client
gammaray                                 ripgrep
gammu                                    rlwrap
gandi.cli                                rmlint
gauche                                   robot-framework
gauge                                    rocksdb
gawk                                     roll
gbdfed                                   rom-tools
gcab                                     root
gcc                                      roswell
gcc@5                                    rp
gcc@6                                    rpm
gcc@7                                    rpm2cpio
gcovr                                    rrdtool
gcsfuse                                  rst-lint
gdb                                      rswift
gdcm                                     rsyslog
gdk-pixbuf                               rt-audio
gdl                                      rtags
gdmap                                    rtmidi
gearboy                                  rtv
gearman                                  ruby
gearsystem                               ruby-build
geckodriver                              ruby-install
gecode                                   ruby@2.0
gedit                                    rush
geeqie                                   rust
gegl                                     rustup-init
genact                                   s-nail
gengetopt                                s-search
genometools                              s3-backer
genstats                                 s3cmd
geocode-glib                             s3fs
geoipupdate                              s6
geoserver                                sagittarius-scheme
gerbv                                    samtools
get_iplayer                              sane-backends
getdns                                   sassc
getmail                                  saxon
gexiv2                                   sbcl
gflags                                   sbt
ghc                                      sbt@0.13
ghc@8.2                                  sbtenv
ghex                                     scala
ghostscript                              scalaenv
ghq                                      scalapack
gibo                                     scalariform
gif2png                                  scamper
gifsicle                                 sccache
gifski                                   sceptre
gimme                                    schismtracker
ginac                                    scipy
git-annex                                scmpuff
git-archive-all                          scons
git-cinnabar                             scour
git-cola                                 scrcpy
git-credential-manager                   scrollkeeper
git-extras                               scummvm
git-fixup                                scw
git-flow-avh                             sdb
git-fresh                                sdcc
git-ftp                                  sdcv
git-lfs                                  sdl
git-open                                 sdl2
git-quick-stats                          sdl2_image
git-recent                               sdl2_mixer
git-remote-hg                            sdl2_ttf
git-review                               sdlpop
git-secret                               sec
git-secrets                              securefs
git-sizer                                selenium-server-standalone
git-standup                              ser2net
git-subrepo                              serd
git-town                                 serf
gitbucket                                serveit
giter8                                   servus
gitfs                                    sf-pwgen
gitg                                     sfk
github-keygen                            sflowtool
github-markdown-toc                      sfml
gitlab-gem                               shadowsocks-libev
gitlab-runner                            shairport-sync
gitless                                  shapelib
gitup                                    shared-mime-info
gitversion                               shc
gjs                                      shellcheck
gkrellm                                  shellharden
glade                                    shellshare
glances                                  shfmt
glbinding                                shibboleth-sp
glfw                                     shmux
glib                                     shocco
glib-networking                          shogun
glibmm                                   shpotify
glide                                    shyaml
glm                                      siege
global                                   signify-osx
globjects                                sile
globus-toolkit                           silk
glog                                     simple-amqp-client
gloox                                    simple-mtpfs
glslang                                  simple-tiles
glslviewer                               simutrans
glui                                     singular
glyr                                     sip
gmic                                     sipp
gmime                                    sipsak
gmsh                                     siril
gmt                                      sispmctl
gmt@4                                    skaffold
gnome-autoar                             skafos
gnome-builder                            skinny
gnome-latex                              skktools
gnome-recipes                            slackcat
gnome-themes-standard                    sleepwatcher
gnu-apl                                  sleuthkit
gnu-chess                                smali
gnu-getopt                               smartmontools
gnu-indent                               snakemake
gnu-prolog                               snapcraft
gnu-sed                                  snappystream
gnu-smalltalk                            snapraid
gnu-tar                                  sngrep
gnu-typist                               snort
gnu-units                                snownews
gnumeric                                 socat
gnupg-pkcs11-scd                         sofia-sip
gnupg@1.4                                softhsm
gnuplot                                  solr
gnuplot@4                                sonar-scanner
gnuradio                                 sonarqube
go-bindata                               sops
go-jira                                  sord
go-statik                                sound-touch
go@1.9                                   source-highlight
goaccess                                 source-to-image
gobby                                    sourcekitten
gobject-introspection                    sourcery
gobuster                                 sox
gocr                                     spades
gocryptfs                                sparse
godep                                    spatialindex
goenv                                    spatialite-gui
goffice                                  spatialite-tools
gollum                                   spdlog
golo                                     speedtest-cli
gom                                      sphinx
gomplate                                 sphinx-doc
goocanvas                                spidermonkey
goofys                                   spigot
google-authenticator-libpam              spin
google-benchmark                         spoof-mac
google-java-format                       spotbugs
googler                                  sqlcipher
goolabs                                  sqldiff
gopass                                   sqlite-analyzer
gor                                      sqlmap
goreleaser                               sqlparse
gosu                                     sqoop
gource                                   squashfs
gowsdl                                   squid
gox                                      sratom
gpa                                      sratoolkit
gpac                                     srt
gpgme                                    ssh-copy-id
gphoto2                                  ssh-permit-a38
gpredict                                 sshconfigfs
gprof2dot                                sshfs
gpsbabel                                 sshguard
gpsim                                    sshrc
gqlplus                                  sshtrix
gqview                                   sshuttle
gr-osmosdr                               sslh
gradle                                   ssllabs-scan
gradle-completion                        sslmate
grafana                                  sslscan
grails                                   sslsplit
grakn                                    sslyze
graph-tool                               stanford-ner
graphene                                 stanford-parser
graphicsmagick                           statik
graphite2                                stella
graphviz                                 stellar-core
grep                                     stern
grib-api                                 stgit
grip                                     stk
groff                                    stlink
gromacs                                  stockfish
gron                                     stone-soup
groonga                                  stormpath-cli
groovy                                   stormssh
groovysdk                                stout
grpc                                     streamlink
grsync                                   streamripper
grunt-cli                                stress-ng
grunt-completion                         strongswan
grv                                      stubby
gsettings-desktop-schemas                stunnel
gsmartcontrol                            stuntman
gsoap                                    subnetcalc
gspell                                   subversion
gssdp                                    suil
gssh                                     suite-sparse
gst-editing-services                     sundials
gst-libav                                superlu
gst-plugins-bad                          supersonic
gst-plugins-base                         supertux
gst-plugins-good                         supervisor
gst-plugins-ugly                         suricata
gst-python                               svgo
gst-rtsp-server                          svtplay-dl
gst-validate                             swagger-codegen
gstreamer                                swaks
gstreamermm                              swi-prolog
gtk+                                     swift
gtk+3                                    swift-protobuf
gtk-chtheme                              swiftformat
gtk-doc                                  swiftgen
gtk-gnutella                             swig
gtk-mac-integration                      swimat
gtk-vnc                                  switchaudio-osx
gtkdatabox                               sxiv
gtkextra                                 sylpheed
gtkglext                                 sync_gateway
gtkmm                                    syncthing
gtkmm3                                   synfig
gtksourceview                            sysbench
gtksourceview3                           sysdig
gtksourceviewmm                          tag
gtksourceviewmm3                         takt
gtkspell3                                talloc
gts                                      tarantool
gucharmap                                tarsnap-gui
guile                                    tarsnapper
gupnp                                    task
gupnp-av                                 taskell
gupnp-tools                              tbb
gwenhywfar                               tbox
gwyddion                                 tcc
gx                                       tcl-tk
gx-go                                    tcpdump
gxml                                     tcpflow
gzip                                     tcpreplay
hadolint                                 tcsh
hadoop                                   tectonic
hamlib                                   teleconsole
hana                                     telegraf
handbrake                                telegram-cli
hapi-fhir-cli                            teleport
haproxy                                  telnet
harfbuzz                                 template-glib
hashcat                                  temporal_tables
hashpump                                 tepl
haskell-stack                            terminal-notifier
haste-client                             termius
hatari                                   termrec
hbase                                    terraform
hcloud                                   terraform-docs
hdf5                                     terraform-inventory
hdf5@1.8                                 terraform_landscape
hebcal                                   terraforming
heimdal                                  terragrunt
help2man                                 tesseract
herrie                                   testssl
hevea                                    texinfo
hexgui                                   texmath
hfstospell                               tfenv
hg-fast-export                           tgui
hidapi                                   the_platinum_searcher
highlight                                the_silver_searcher
hiredis                                  thefuck
hive                                     theharvester
hivemind                                 thrift
hledger                                  tig
hlint                                    tiger-vnc
hmmer                                    tika
homebank                                 tile38
honcho                                   timidity
hopenpgp-tools                           tinc
howard-hinnant-date                      tintin
howdoi                                   tinyproxy
hqx                                      tinyxml2
hss                                      tippecanoe
htmlcxx                                  titlecase
htmldoc                                  tkdiff
htop                                     tmpreaper
htslib                                   tmux
http-parser                              tmux-mem-cpu-load
httpd                                    tmux-xpanes
httpie                                   tmuxinator-completion
httping                                  todoman
hub                                      tokei
hugo                                     tomcat
hunspell                                 tomcat-native
hwloc                                    tomcat@7
hydra                                    tomcat@8
hyperfine                                tomee-plus
hyperscan                                tomee-webprofile
hypre                                    tor
i2p                                      torsocks
iamy                                     tox
ibex                                     trace2html
icdiff                                   tracebox
ice                                      traefik
icecream                                 trafficserver
icemon                                   translate-shell
idnits                                   translate-toolkit
idris                                    trash
igv                                      trash-cli
ike-scan                                 travis
ilmbase                                  tree
imagemagick                              treefrog
imagemagick@6                            trezor-agent
imageoptim-cli                           triton
imageworsener                            ttfautohint
imake                                    tty-solitaire
imapfilter                               ttyd
imapsync                                 tundra
immortal                                 tunnel
inetutils                                tup
influxdb                                 tvnamer
iniparser                                twarc
innotop                                  twine-pypi
inspircd                                 twoping
instead                                  twtxt
internetarchive                          txr
ioping                                   typescript
ios-deploy                               u-boot-tools
ios-sim                                  ubertooth
ios-webkit-debug-proxy                   udunits
iozone                                   ufraw
ipbt                                     uftp
iperf                                    uhd
iperf3                                   umlet
ipfs                                     unbound
iproute2mac                              uncrustify
ipv6calc                                 unixodbc
ipython                                  unnethack
ipython@5                                unoconv
ircii                                    unp64
irssi                                    unrar
isl                                      unrtf
iso-codes                                unshield
ispc                                     unzip
isync                                    upscaledb
itex2mml                                 upx
itstool                                  urbit
ivykis                                   urdfdom
jabba                                    urdfdom_headers
jadx                                     urh
jailkit                                  uriparser
jansson                                  uru
jasper                                   urweb
jbake                                    userspace-rcu
jbig2dec                                 utf8proc
jboss-forge                              util-linux
jdnssec-tools                            utimer
jdupes                                   uwsgi
jemalloc                                 v8
jena                                     vagrant-completion
jenkins                                  vala
jenkins-job-builder                      valabind
jenkins-lts                              valgrind
jenv                                     vamp-plugin-sdk
jerasure                                 vapoursynth
jetty                                    varnish
jetty-runner                             vault
jflex                                    vault-cli
jfrog-cli-go                             vaulted
jhead                                    vc4asm
jhiccup                                  vcdimager
jhipster                                 vcftools
jid                                      vdirsyncer
jigdo                                    vegeta
jlog                                     verilator
jmeter                                   vert.x
jnettop                                  vice
jo                                       viewvc
john                                     vifm
joplin                                   vim
jp2a                                     vim@7.4
jpeg-archive                             vips
jpeg-turbo                               virtuoso
jq                                       visp
jrnl                                     vitetris
jruby                                    vmtouch
jsdoc3                                   vnstat
json-fortran                             vnu
json-glib                                volatility
json_spirit                              voldemort
jsoncpp                                  vorbis-tools
jsonnet                                  vowpal-wabbit
jsonrpc-glib                             vrpn
jsonschema2pojo                          vsts-cli
juju                                     vte
juju-wait                                vte3
julius                                   vtk
jump                                     vttest
jupyter                                  vultr
just                                     w3m
jvgrep                                   wabt
kafka                                    wakatime-cli
kafkacat                                 wallpaper
kakoune                                  wandio
kallisto                                 wartremover
kapacitor                                watchexec
keepassc                                 watchman
keepkey-agent                            watson
kerl                                     wdfs
kettle                                   wdiff
khal                                     webdis
khard                                    weboob
kibana                                   webp
kibana@5.6                               webpack
kitchen-sync                             websocketd
klavaro                                  webtorrent-cli
knot                                     weechat
knot-resolver                            wellington
kobalt                                   wesnoth
kompose                                  wgetpaste
konoha                                   when
kontena                                  whois
kops                                     widelands
kore                                     wildfly-as
kotlin                                   wimlib
kpcli                                    wine
krakend                                  winetricks
krb5                                     wiredtiger
ktmpl                                    wireguard-go
kube-aws                                 wireguard-tools
kube-ps1                                 wireshark
kubecfg                                  with-readline
kubectx                                  wla-dx
kubeless                                 wmctrl
kubernetes-cli                           woboq_codebrowser
kubernetes-helm                          wolfssl
kumo                                     wp-cli
kvazaar                                  wp-cli-completion
kyoto-cabinet                            wpscan
kyoto-tycoon                             wtf
lablgtk                                  wv
lammps                                   wxmac
landscaper                               wxmaxima
languagetool                             wxpython
lapack                                   x11vnc
lasi                                     x264
lasso                                    x265
lastpass-cli                             x3270
laszip                                   xa
latex2html                               xalan-c
latex2rtf                                xapian
latexdiff                                xboard
latexml                                  xcproj
lbdb                                     xdot
lcdf-typetools                           xerces-c
lcm                                      xmake
lcov                                     xml-security-c
ldapvi                                   xml-tooling-c
ldc                                      xmount
lean                                     xmrig
lean-cli                                 xonsh
ledger                                   xorriso
legit                                    xpa
lego                                     xpdf
leiningen                                xplanet
lensfun                                  xqilla
leptonica                                xsane
less                                     xsd
leveldb                                  xtensor
lftp                                     xxhash
lgogdownloader                           yaf
libarchive                               yafc
libatomic_ops                            yaml-cpp
libav                                    yamllint
libb2                                    yank
libbi                                    yara
libbitcoin                               yarn
libbitcoin-blockchain                    yash
libbitcoin-client                        yasm
libbitcoin-database                      yaws
libbitcoin-explorer                      yaz
libbitcoin-network                       ydcv
libbitcoin-node                          yelp-tools
libbitcoin-protocol                      ykman
libbitcoin-server                        ykpers
libbladerf                               yle-dl
libbluray                                yosys
libbtbb                                  you-get
libccd                                   youtube-dl
libcddb                                  yq
libcdio                                  yubico-piv-tool
libcdr                                   z3
libcds                                   zabbix
libcec                                   zanata-client
libchamplain                             zbackup
libchaos                                 zebra
libcoap                                  zenity
libcouchbase                             zero-install
libcroco                                 zeromq
libdap                                   zig
libdazzle                                zim
libdc1394                                zimg
libdill                                  zmqpp
libdvbpsi                                znapzend
libdvdread                               znc
libebml                                  zookeeper
libedit                                  zorba
libepoxy                                 zpython
liberasurecode                           zsh
libestr                                  zsh-autosuggestions
libetonyek                               zsh-completions
libetpan                                 zshdb
libev                                    zstd
libextractor                             zurl
libfabric
[34m==>[0m [1mRenamed Formulae[0m
ark -> velero                            hh -> hstr
cdiff -> ydiff                           mat -> mat2
crystal-lang -> crystal                  php72 -> php@7.2
gloo-ctl -> glooctl                      rebar@3 -> rebar3
gnatsd -> nats-server                    resin-cli -> balena-cli
gtksourceview@4 -> gtksourceview4        saltstack -> salt
gutenberg -> zola                        todolist -> ultralist
[34m==>[0m [1mDeleted Formulae[0m
amber                      hachoir-metadata           pldebugger
apple-gcc42                heroku                     protobuf@2.5
aptly-completion           hyper                      protobuf@2.6
artifactory-cli-go         ib                         pxz
asciinema2gif              js-test-driver             pyexiv2
at-spi2-atk                juju-quickstart            qt@5.5
at-spi2-core               kibana@4.4                 queequeg
boot2docker                ld64                       reclass
boot2docker-completion     libggz                     redis@2.8
casperjs                   libguess                   rlvm
cctools                    liblastfm                  rock
cctools-headers            libutf                     ruby@1.8
compose2kube               llvm@3.7                   ruby@2.2
corebird                   lsh                        ruby@2.3
cputhrottle                lysp                       sary
datomic                    maven@3.0                  scala@2.10
dirmngr                    maven@3.1                  sickbeard
dsd                        mediatomb                  smlnj
erlang@18                  mimms                      solr@5.5
ffmbc                      minisat                    sonarlint
gdnsd                      monax                      submarine
ghc@8.0                    nesemu2                    swig@3.04
gjstest                    nethack4                   taylor
gnome-doc-utils            node@4                     tcptrack
gnupg@2.0                  node@6                     tmux-cssh
go@1.4                     onepass                    tomcat@6
go@1.8                     open-vcdiff                typesafe-activator
gpg-agent                  opensyobon                 varnish@4
gradle@2.14                pdftoedn                   whirr
gtk-engines                percona-server@5.6         wry
gtk-murrine-engine         php@5.6                    xmoto
guile@2.0                  php@7.0                    zxing-cpp
gv                         plan9port
travis_time:end:00c2e330:start=1564123207750961000,finish=1564123494954127000,duration=287203166000[0Ktravis_fold:end:before_install.1[0Ktravis_fold:start:before_install.2[0Ktravis_time:start:0f2f5daf[0K$ if [[ "$TRAVIS_OS_NAME" == "osx" ]]; then brew install libxml2 || true ; fi
[31mError:[0m libxml2 2.9.7 is already installed
To upgrade to 2.9.9, run `brew upgrade libxml2`
travis_time:end:0f2f5daf:start=1564123494963895000,finish=1564123498605238000,duration=3641343000[0Ktravis_fold:end:before_install.2[0Ktravis_fold:start:before_install.3[0Ktravis_time:start:00529522[0K$ if [[ "$TRAVIS_OS_NAME" == "osx" ]]; then brew install cmake || true ; fi
[31mError:[0m cmake 3.11.4 is already installed
To upgrade to 3.15.0, run `brew upgrade cmake`.
[34m==>[0m [1m`brew cleanup` has not been run in 30 days, running now...[0m
Removing: /Users/travis/Library/Caches/Homebrew/adns-1.5.1.high_sierra.bottle.tar.gz... (269.0KB)
Removing: /Users/travis/Library/Caches/Homebrew/autoconf-2.69.high_sierra.bottle.4.tar.gz... (871.2KB)
Removing: /Users/travis/Library/Caches/Homebrew/automake-1.16.1.high_sierra.bottle.tar.gz... (943.0KB)
Removing: /Users/travis/Library/Caches/Homebrew/boost-1.67.0_1.high_sierra.bottle.tar.gz... (87.1MB)
Removing: /Users/travis/Library/Caches/Homebrew/carthage-0.29.0.high_sierra.bottle.tar.gz... (8.3MB)
Removing: /Users/travis/Library/Caches/Homebrew/cgal-4.12.high_sierra.bottle.tar.gz... (5.9MB)
Removing: /Users/travis/Library/Caches/Homebrew/cmake-3.11.4.high_sierra.bottle.tar.gz... (11.7MB)
Removing: /Users/travis/Library/Caches/Homebrew/coreutils-8.29.high_sierra.bottle.tar.gz... (3.9MB)
Removing: /Users/travis/Library/Caches/Homebrew/freexl-1.0.5.high_sierra.bottle.tar.gz... (46KB)
Removing: /Users/travis/Library/Caches/Homebrew/gdal-2.3.0.high_sierra.bottle.tar.gz... (16MB)
Removing: /Users/travis/Library/Caches/Homebrew/gdbm-1.15.high_sierra.bottle.tar.gz... (187.8KB)
Removing: /Users/travis/Library/Caches/Homebrew/geos-3.6.2.high_sierra.bottle.tar.gz... (2MB)
Removing: /Users/travis/Library/Caches/Homebrew/gettext-0.19.8.1.high_sierra.bottle.tar.gz... (7.8MB)
Removing: /Users/travis/Library/Caches/Homebrew/giflib-5.1.4.high_sierra.bottle.tar.gz... (88KB)
Removing: /Users/travis/Library/Caches/Homebrew/git-2.18.0.high_sierra.bottle.tar.gz... (13.3MB)
Removing: /Users/travis/Library/Caches/Homebrew/gmp-6.1.2_2.high_sierra.bottle.tar.gz... (1005KB)
Removing: /Users/travis/Library/Caches/Homebrew/gnupg-2.2.8.high_sierra.bottle.tar.gz... (4MB)
Removing: /Users/travis/Library/Caches/Homebrew/gnutls-3.5.18.high_sierra.bottle.tar.gz... (2.3MB)
Removing: /Users/travis/Library/Caches/Homebrew/go-1.10.3.high_sierra.bottle.tar.gz... (102.6MB)
Removing: /Users/travis/Library/Caches/Homebrew/icu4c-62.1.high_sierra.bottle.tar.gz... (25.5MB)
Removing: /Users/travis/Library/Caches/Homebrew/jpeg-9c.high_sierra.bottle.tar.gz... (297.6KB)
Removing: /Users/travis/Library/Caches/Homebrew/json-c-0.13.1.high_sierra.bottle.tar.gz... (79.5KB)
Removing: /Users/travis/Library/Caches/Homebrew/libassuan-2.5.1.high_sierra.bottle.tar.gz... (146.4KB)
Removing: /Users/travis/Library/Caches/Homebrew/libevent-2.1.8.high_sierra.bottle.tar.gz... (753KB)
Removing: /Users/travis/Library/Caches/Homebrew/libffi-3.2.1.high_sierra.bottle.tar.gz... (97.2KB)
Removing: /Users/travis/Library/Caches/Homebrew/libgcrypt-1.8.3.high_sierra.bottle.tar.gz... (1MB)
Removing: /Users/travis/Library/Caches/Homebrew/libgeotiff-1.4.2_2.high_sierra.bottle.tar.gz... (1.2MB)
Removing: /Users/travis/Library/Caches/Homebrew/libgpg-error-1.31.high_sierra.bottle.tar.gz... (261.3KB)
Removing: /Users/travis/Library/Caches/Homebrew/libidn2-2.0.5.high_sierra.bottle.tar.gz... (217.2KB)
Removing: /Users/travis/Library/Caches/Homebrew/libksba-1.3.5.high_sierra.bottle.tar.gz... (131.8KB)
Removing: /Users/travis/Library/Caches/Homebrew/libpng-1.6.34.high_sierra.bottle.tar.gz... (444.4KB)
Removing: /Users/travis/Library/Caches/Homebrew/libpq-10.4.high_sierra.bottle.tar.gz... (6MB)
Removing: /Users/travis/Library/Caches/Homebrew/libspatialite-4.3.0a_6.high_sierra.bottle.tar.gz... (5.2MB)
Removing: /Users/travis/Library/Caches/Homebrew/libssh-0.7.5.high_sierra.bottle.tar.gz... (416.2KB)
Removing: /Users/travis/Library/Caches/Homebrew/libtasn1-4.13.high_sierra.bottle.tar.gz... (131.1KB)
Removing: /Users/travis/Library/Caches/Homebrew/libtiff-4.0.9_3.high_sierra.bottle.tar.gz... (1MB)
Removing: /Users/travis/Library/Caches/Homebrew/libtool-2.4.6_1.high_sierra.bottle.tar.gz... (1009.5KB)
Removing: /Users/travis/Library/Caches/Homebrew/libunistring-0.9.10.high_sierra.bottle.tar.gz... (1.4MB)
Removing: /Users/travis/Library/Caches/Homebrew/libusb-1.0.22.high_sierra.bottle.tar.gz... (159.2KB)
Removing: /Users/travis/Library/Caches/Homebrew/libxml2-2.9.7.high_sierra.bottle.tar.gz... (2.4MB)
Removing: /Users/travis/Library/Caches/Homebrew/libyaml-0.1.7.high_sierra.bottle.tar.gz... (100.4KB)
Removing: /Users/travis/Library/Caches/Homebrew/maven-3.5.4.tar.gz... (8.4MB)
Removing: /Users/travis/Library/Caches/Homebrew/md5deep-4.4.high_sierra.bottle.tar.gz... (706.8KB)
Removing: /Users/travis/Library/Caches/Homebrew/mercurial-4.6.1.high_sierra.bottle.tar.gz... (2MB)
Removing: /Users/travis/Library/Caches/Homebrew/mpfr-4.0.1.high_sierra.bottle.tar.gz... (1.1MB)
Removing: /Users/travis/Library/Caches/Homebrew/msgpack-3.0.1.high_sierra.bottle.tar.gz... (379.2KB)
Removing: /Users/travis/Library/Caches/Homebrew/nettle-3.4.high_sierra.bottle.tar.gz... (721.6KB)
Removing: /Users/travis/Library/Caches/Homebrew/node-10.5.0_1.high_sierra.bottle.tar.gz... (16MB)
Removing: /Users/travis/Library/Caches/Homebrew/npth-1.5.high_sierra.bottle.tar.gz... (23.5KB)
Removing: /Users/travis/Library/Caches/Homebrew/numpy-1.14.5.high_sierra.bottle.tar.gz... (6.3MB)
Removing: /Users/travis/Library/Caches/Homebrew/openssl-1.0.2o_2.high_sierra.bottle.tar.gz... (3.7MB)
Removing: /Users/travis/Library/Caches/Homebrew/openssl@1.1-1.1.0h.high_sierra.bottle.tar.gz... (4.5MB)
Removing: /Users/travis/Library/Caches/Homebrew/p11-kit-0.23.12.high_sierra.bottle.tar.gz... (696.3KB)
Removing: /Users/travis/Library/Caches/Homebrew/pcre-8.42.high_sierra.bottle.tar.gz... (1.8MB)
Removing: /Users/travis/Library/Caches/Homebrew/pinentry-1.1.0_1.high_sierra.bottle.tar.gz... (102.8KB)
Removing: /Users/travis/Library/Caches/Homebrew/pkg-config-0.29.2.high_sierra.bottle.tar.gz... (235.8KB)
Removing: /Users/travis/Library/Caches/Homebrew/postgis-2.4.4_1.high_sierra.bottle.tar.gz... (12.4MB)
Removing: /Users/travis/Library/Caches/Homebrew/postgresql-10.4.high_sierra.bottle.tar.gz... (10.6MB)
Removing: /Users/travis/Library/Caches/Homebrew/proj-5.1.0.high_sierra.bottle.tar.gz... (7.0MB)
Removing: /Users/travis/Library/Caches/Homebrew/pyenv-1.2.4.high_sierra.bottle.tar.gz... (589.8KB)
Removing: /Users/travis/Library/Caches/Homebrew/python-3.6.5_1.high_sierra.bottle.tar.gz... (21.9MB)
Removing: /Users/travis/Library/Caches/Homebrew/python@2-2.7.15_1.high_sierra.bottle.tar.gz... (18.3MB)
Removing: /Users/travis/Library/Caches/Homebrew/readline-7.0.3_1.high_sierra.bottle.tar.gz... (495.5KB)
Removing: /Users/travis/Library/Caches/Homebrew/sfcgal-1.3.5.high_sierra.bottle.tar.gz... (2.0MB)
Removing: /Users/travis/Library/Caches/Homebrew/sqlite-3.24.0.high_sierra.bottle.tar.gz... (1.7MB)
Removing: /Users/travis/Library/Caches/Homebrew/swiftlint-0.26.0.high_sierra.bottle.tar.gz... (4.9MB)
Removing: /Users/travis/Library/Caches/Homebrew/tmate-2.2.1_3.high_sierra.bottle.tar.gz... (269.2KB)
Removing: /Users/travis/Library/Caches/Homebrew/wget-1.19.5.high_sierra.bottle.tar.gz... (1.3MB)
Removing: /Users/travis/Library/Caches/Homebrew/xctool-0.3.4.high_sierra.bottle.tar.gz... (1013.5KB)
Removing: /Users/travis/Library/Caches/Homebrew/xz-5.2.4.high_sierra.bottle.tar.gz... (372.7KB)
Removing: /Users/travis/Library/Logs/Homebrew/adns... (68B)
Removing: /Users/travis/Library/Logs/Homebrew/autoconf... (68B)
Removing: /Users/travis/Library/Logs/Homebrew/automake... (68B)
Removing: /Users/travis/Library/Logs/Homebrew/boost... (68B)
Removing: /Users/travis/Library/Logs/Homebrew/carthage... (68B)
Removing: /Users/travis/Library/Logs/Homebrew/cgal... (68B)
Removing: /Users/travis/Library/Logs/Homebrew/cmake... (68B)
Removing: /Users/travis/Library/Logs/Homebrew/coreutils... (68B)
Removing: /Users/travis/Library/Logs/Homebrew/freexl... (68B)
Removing: /Users/travis/Library/Logs/Homebrew/gdal... (68B)
Removing: /Users/travis/Library/Logs/Homebrew/gdbm... (68B)
Removing: /Users/travis/Library/Logs/Homebrew/geos... (68B)
Removing: /Users/travis/Library/Logs/Homebrew/gettext... (68B)
Removing: /Users/travis/Library/Logs/Homebrew/giflib... (68B)
Removing: /Users/travis/Library/Logs/Homebrew/git... (68B)
Removing: /Users/travis/Library/Logs/Homebrew/gmp... (68B)
Removing: /Users/travis/Library/Logs/Homebrew/gnupg... (68B)
Removing: /Users/travis/Library/Logs/Homebrew/gnutls... (68B)
Removing: /Users/travis/Library/Logs/Homebrew/go... (68B)
Removing: /Users/travis/Library/Logs/Homebrew/icu4c... (68B)
Removing: /Users/travis/Library/Logs/Homebrew/jpeg... (68B)
Removing: /Users/travis/Library/Logs/Homebrew/json-c... (68B)
Removing: /Users/travis/Library/Logs/Homebrew/libassuan... (68B)
Removing: /Users/travis/Library/Logs/Homebrew/libevent... (68B)
Removing: /Users/travis/Library/Logs/Homebrew/libffi... (68B)
Removing: /Users/travis/Library/Logs/Homebrew/libgcrypt... (68B)
Removing: /Users/travis/Library/Logs/Homebrew/libgeotiff... (68B)
Removing: /Users/travis/Library/Logs/Homebrew/libgpg-error... (68B)
Removing: /Users/travis/Library/Logs/Homebrew/libidn2... (68B)
Removing: /Users/travis/Library/Logs/Homebrew/libksba... (68B)
Removing: /Users/travis/Library/Logs/Homebrew/libpng... (68B)
Removing: /Users/travis/Library/Logs/Homebrew/libpq... (68B)
Removing: /Users/travis/Library/Logs/Homebrew/libspatialite... (68B)
Removing: /Users/travis/Library/Logs/Homebrew/libssh... (68B)
Removing: /Users/travis/Library/Logs/Homebrew/libtasn1... (68B)
Removing: /Users/travis/Library/Logs/Homebrew/libtiff... (68B)
Removing: /Users/travis/Library/Logs/Homebrew/libtool... (68B)
Removing: /Users/travis/Library/Logs/Homebrew/libunistring... (68B)
Removing: /Users/travis/Library/Logs/Homebrew/libusb... (68B)
Removing: /Users/travis/Library/Logs/Homebrew/libxml2... (68B)
Removing: /Users/travis/Library/Logs/Homebrew/libyaml... (68B)
Removing: /Users/travis/Library/Logs/Homebrew/maven... (107B)
Removing: /Users/travis/Library/Logs/Homebrew/md5deep... (68B)
Removing: /Users/travis/Library/Logs/Homebrew/mercurial... (68B)
Removing: /Users/travis/Library/Logs/Homebrew/mpfr... (68B)
Removing: /Users/travis/Library/Logs/Homebrew/msgpack... (68B)
Removing: /Users/travis/Library/Logs/Homebrew/nettle... (68B)
Removing: /Users/travis/Library/Logs/Homebrew/node... (68B)
Removing: /Users/travis/Library/Logs/Homebrew/npth... (68B)
Removing: /Users/travis/Library/Logs/Homebrew/numpy... (68B)
Removing: /Users/travis/Library/Logs/Homebrew/openssl... (68B)
Removing: /Users/travis/Library/Logs/Homebrew/openssl@1.1... (68B)
Removing: /Users/travis/Library/Logs/Homebrew/p11-kit... (68B)
Removing: /Users/travis/Library/Logs/Homebrew/pcre... (68B)
Removing: /Users/travis/Library/Logs/Homebrew/pinentry... (68B)
Removing: /Users/travis/Library/Logs/Homebrew/pkg-config... (68B)
Removing: /Users/travis/Library/Logs/Homebrew/postgis... (68B)
Removing: /Users/travis/Library/Logs/Homebrew/postgresql... (1.3KB)
Removing: /Users/travis/Library/Logs/Homebrew/proj... (68B)
Removing: /Users/travis/Library/Logs/Homebrew/pyenv... (68B)
Removing: /Users/travis/Library/Logs/Homebrew/python... (3 files, 127.8KB)
Removing: /Users/travis/Library/Logs/Homebrew/python@2... (3 files, 123.7KB)
Removing: /Users/travis/Library/Logs/Homebrew/readline... (68B)
Removing: /Users/travis/Library/Logs/Homebrew/sfcgal... (68B)
Removing: /Users/travis/Library/Logs/Homebrew/sqlite... (68B)
Removing: /Users/travis/Library/Logs/Homebrew/swiftlint... (68B)
Removing: /Users/travis/Library/Logs/Homebrew/tmate... (68B)
Removing: /Users/travis/Library/Logs/Homebrew/wget... (68B)
Removing: /Users/travis/Library/Logs/Homebrew/xctool... (8 files, 2KB)
Removing: /Users/travis/Library/Logs/Homebrew/xz... (68B)
Pruned 0 symbolic links and 5 directories from /usr/local
travis_time:end:00529522:start=1564123498614955000,finish=1564123507808550000,duration=9193595000[0Ktravis_fold:end:before_install.3[0Ktravis_fold:start:before_install.4[0Ktravis_time:start:20a7d371[0K$ if [[ "$TRAVIS_OS_NAME" == "linux" ]]; then sudo apt-get -qq update; fi
travis_time:end:20a7d371:start=1564123507823987000,finish=1564123507830957000,duration=6970000[0Ktravis_fold:end:before_install.4[0Ktravis_fold:start:before_install.5[0Ktravis_time:start:05ca49c0[0K$ if [[ "$TRAVIS_OS_NAME" == "linux" ]]; then sudo apt-get install -y libxml2-dev; fi
travis_time:end:05ca49c0:start=1564123507840215000,finish=1564123507847042000,duration=6827000[0Ktravis_fold:end:before_install.5[0Ktravis_time:start:325bac62[0K$ make && make test
mkdir -p build && cd build && cmake -DCMAKE_INSTALL_PREFIX:PATH=/usr -DCMAKE_INSTALL_MANDIR:PATH=/usr/share/man ..
-- The C compiler identification is AppleClang 9.1.0.9020039
-- The CXX compiler identification is AppleClang 9.1.0.9020039
-- Check for working C compiler: /Applications/Xcode-9.4.1.app/Contents/Developer/Toolchains/XcodeDefault.xctoolchain/usr/bin/clang
-- Check for working C compiler: /Applications/Xcode-9.4.1.app/Contents/Developer/Toolchains/XcodeDefault.xctoolchain/usr/bin/clang -- works
-- Detecting C compiler ABI info
-- Detecting C compiler ABI info - done
-- Detecting C compile features
-- Detecting C compile features - done
-- Check for working CXX compiler: /Applications/Xcode-9.4.1.app/Contents/Developer/Toolchains/XcodeDefault.xctoolchain/usr/bin/clang++
-- Check for working CXX compiler: /Applications/Xcode-9.4.1.app/Contents/Developer/Toolchains/XcodeDefault.xctoolchain/usr/bin/clang++ -- works
-- Detecting CXX compiler ABI info
-- Detecting CXX compiler ABI info - done
-- Detecting CXX compile features
-- Detecting CXX compile features - done
-- Found PkgConfig: /usr/local/bin/pkg-config (found version "0.29.2") 
-- Checking for one of the modules 'bash-completion'
-- Found LibXml2: /usr/lib/libxml2.dylib (found version "2.9.4") 
-- Found OpenSSL: /usr/local/opt/openssl/lib/libcrypto.dylib (found version "1.0.2o") 
-- Found CURL: /usr/lib/libcurl.dylib (found version "7.54.0") 
LASTPASS_CLI_VERSION  =1.3.3.11.g5632035
-- Configuring done
-- Generating done
-- Build files have been written to: /Users/travis/build/lastpass/lastpass-cli/build
/Applications/Xcode-9.4.1.app/Contents/Developer/usr/bin/make -C build all
[35m[1mScanning dependencies of target lpass[0m
[  2%] [32mBuilding C object CMakeFiles/lpass.dir/agent.c.o[0m
[  4%] [32mBuilding C object CMakeFiles/lpass.dir/blob.c.o[0m
[  7%] [32mBuilding C object CMakeFiles/lpass.dir/cipher.c.o[0m
[  9%] [32mBuilding C object CMakeFiles/lpass.dir/clipboard.c.o[0m
[ 11%] [32mBuilding C object CMakeFiles/lpass.dir/cmd-add.c.o[0m
[ 14%] [32mBuilding C object CMakeFiles/lpass.dir/cmd-duplicate.c.o[0m
[ 16%] [32mBuilding C object CMakeFiles/lpass.dir/cmd-edit.c.o[0m
[ 19%] [32mBuilding C object CMakeFiles/lpass.dir/cmd-export.c.o[0m
[ 21%] [32mBuilding C object CMakeFiles/lpass.dir/cmd-generate.c.o[0m
[ 23%] [32mBuilding C object CMakeFiles/lpass.dir/cmd-import.c.o[0m
[ 26%] [32mBuilding C object CMakeFiles/lpass.dir/cmd-login.c.o[0m
[ 28%] [32mBuilding C object CMakeFiles/lpass.dir/cmd-logout.c.o[0m
[ 30%] [32mBuilding C object CMakeFiles/lpass.dir/cmd-ls.c.o[0m
[ 33%] [32mBuilding C object CMakeFiles/lpass.dir/cmd-mv.c.o[0m
[ 35%] [32mBuilding C object CMakeFiles/lpass.dir/cmd-passwd.c.o[0m
[ 38%] [32mBuilding C object CMakeFiles/lpass.dir/cmd-rm.c.o[0m
[ 40%] [32mBuilding C object CMakeFiles/lpass.dir/cmd-share.c.o[0m
[ 42%] [32mBuilding C object CMakeFiles/lpass.dir/cmd-show.c.o[0m
[ 45%] [32mBuilding C object CMakeFiles/lpass.dir/cmd-status.c.o[0m
[ 47%] [32mBuilding C object CMakeFiles/lpass.dir/cmd-sync.c.o[0m
[ 50%] [32mBuilding C object CMakeFiles/lpass.dir/cmd.c.o[0m
[ 52%] [32mBuilding C object CMakeFiles/lpass.dir/config.c.o[0m
[ 54%] [32mBuilding C object CMakeFiles/lpass.dir/edit.c.o[0m
[ 57%] [32mBuilding C object CMakeFiles/lpass.dir/endpoints-login.c.o[0m
[ 59%] [32mBuilding C object CMakeFiles/lpass.dir/endpoints-share.c.o[0m
[ 61%] [32mBuilding C object CMakeFiles/lpass.dir/endpoints.c.o[0m
[ 64%] [32mBuilding C object CMakeFiles/lpass.dir/format.c.o[0m
[ 66%] [32mBuilding C object CMakeFiles/lpass.dir/http.c.o[0m
[ 69%] [32mBuilding C object CMakeFiles/lpass.dir/json-format.c.o[0m
[ 71%] [32mBuilding C object CMakeFiles/lpass.dir/kdf.c.o[0m
[ 73%] [32mBuilding C object CMakeFiles/lpass.dir/log.c.o[0m
[ 76%] [32mBuilding C object CMakeFiles/lpass.dir/lpass.c.o[0m
[ 78%] [32mBuilding C object CMakeFiles/lpass.dir/notes.c.o[0m
[ 80%] [32mBuilding C object CMakeFiles/lpass.dir/password.c.o[0m
[ 83%] [32mBuilding C object CMakeFiles/lpass.dir/pbkdf2.c.o[0m
[ 85%] [32mBuilding C object CMakeFiles/lpass.dir/process.c.o[0m
[ 88%] [32mBuilding C object CMakeFiles/lpass.dir/session.c.o[0m
[ 90%] [32mBuilding C object CMakeFiles/lpass.dir/terminal.c.o[0m
[ 92%] [32mBuilding C object CMakeFiles/lpass.dir/upload-queue.c.o[0m
[ 95%] [32mBuilding C object CMakeFiles/lpass.dir/util.c.o[0m
[ 97%] [32mBuilding C object CMakeFiles/lpass.dir/xml.c.o[0m
[100%] [32m[1mLinking C executable lpass[0m
[100%] Built target lpass
mkdir -p build && cd build && cmake -DCMAKE_INSTALL_PREFIX:PATH=/usr -DCMAKE_INSTALL_MANDIR:PATH=/usr/share/man ..
-- Checking for one of the modules 'bash-completion'
-- Configuring done
-- Generating done
-- Build files have been written to: /Users/travis/build/lastpass/lastpass-cli/build
/Applications/Xcode-9.4.1.app/Contents/Developer/usr/bin/make -C build lpass-test && /Applications/Xcode-9.4.1.app/Contents/Developer/usr/bin/make -C build test
[35m[1mScanning dependencies of target lpass-test[0m
[  2%] [32mBuilding C object CMakeFiles/lpass-test.dir/test/http_mock.c.o[0m
[  4%] [32mBuilding C object CMakeFiles/lpass-test.dir/agent.c.o[0m
[  6%] [32mBuilding C object CMakeFiles/lpass-test.dir/blob.c.o[0m
[  9%] [32mBuilding C object CMakeFiles/lpass-test.dir/cipher.c.o[0m
[ 11%] [32mBuilding C object CMakeFiles/lpass-test.dir/clipboard.c.o[0m
[ 13%] [32mBuilding C object CMakeFiles/lpass-test.dir/cmd-add.c.o[0m
[ 16%] [32mBuilding C object CMakeFiles/lpass-test.dir/cmd-duplicate.c.o[0m
[ 18%] [32mBuilding C object CMakeFiles/lpass-test.dir/cmd-edit.c.o[0m
[ 20%] [32mBuilding C object CMakeFiles/lpass-test.dir/cmd-export.c.o[0m
[ 23%] [32mBuilding C object CMakeFiles/lpass-test.dir/cmd-generate.c.o[0m
[ 25%] [32mBuilding C object CMakeFiles/lpass-test.dir/cmd-import.c.o[0m
[ 27%] [32mBuilding C object CMakeFiles/lpass-test.dir/cmd-login.c.o[0m
[ 30%] [32mBuilding C object CMakeFiles/lpass-test.dir/cmd-logout.c.o[0m
[ 32%] [32mBuilding C object CMakeFiles/lpass-test.dir/cmd-ls.c.o[0m
[ 34%] [32mBuilding C object CMakeFiles/lpass-test.dir/cmd-mv.c.o[0m
[ 37%] [32mBuilding C object CMakeFiles/lpass-test.dir/cmd-passwd.c.o[0m
[ 39%] [32mBuilding C object CMakeFiles/lpass-test.dir/cmd-rm.c.o[0m
[ 41%] [32mBuilding C object CMakeFiles/lpass-test.dir/cmd-share.c.o[0m
[ 44%] [32mBuilding C object CMakeFiles/lpass-test.dir/cmd-show.c.o[0m
[ 46%] [32mBuilding C object CMakeFiles/lpass-test.dir/cmd-status.c.o[0m
[ 48%] [32mBuilding C object CMakeFiles/lpass-test.dir/cmd-sync.c.o[0m
[ 51%] [32mBuilding C object CMakeFiles/lpass-test.dir/cmd.c.o[0m
[ 53%] [32mBuilding C object CMakeFiles/lpass-test.dir/config.c.o[0m
[ 55%] [32mBuilding C object CMakeFiles/lpass-test.dir/edit.c.o[0m
[ 58%] [32mBuilding C object CMakeFiles/lpass-test.dir/endpoints-login.c.o[0m
[ 60%] [32mBuilding C object CMakeFiles/lpass-test.dir/endpoints-share.c.o[0m
[ 62%] [32mBuilding C object CMakeFiles/lpass-test.dir/endpoints.c.o[0m
[ 65%] [32mBuilding C object CMakeFiles/lpass-test.dir/format.c.o[0m
[ 67%] [32mBuilding C object CMakeFiles/lpass-test.dir/http.c.o[0m
[ 69%] [32mBuilding C object CMakeFiles/lpass-test.dir/json-format.c.o[0m
[ 72%] [32mBuilding C object CMakeFiles/lpass-test.dir/kdf.c.o[0m
[ 74%] [32mBuilding C object CMakeFiles/lpass-test.dir/log.c.o[0m
[ 76%] [32mBuilding C object CMakeFiles/lpass-test.dir/lpass.c.o[0m
[ 79%] [32mBuilding C object CMakeFiles/lpass-test.dir/notes.c.o[0m
[ 81%] [32mBuilding C object CMakeFiles/lpass-test.dir/password.c.o[0m
[ 83%] [32mBuilding C object CMakeFiles/lpass-test.dir/pbkdf2.c.o[0m
[ 86%] [32mBuilding C object CMakeFiles/lpass-test.dir/process.c.o[0m
[ 88%] [32mBuilding C object CMakeFiles/lpass-test.dir/session.c.o[0m
[ 90%] [32mBuilding C object CMakeFiles/lpass-test.dir/terminal.c.o[0m
[ 93%] [32mBuilding C object CMakeFiles/lpass-test.dir/upload-queue.c.o[0m
[ 95%] [32mBuilding C object CMakeFiles/lpass-test.dir/util.c.o[0m
[ 97%] [32mBuilding C object CMakeFiles/lpass-test.dir/xml.c.o[0m
[100%] [32m[1mLinking C executable lpass-test[0m
[100%] Built target lpass-test
[36mRunning tests...[0m
Test project /Users/travis/build/lastpass/lastpass-cli/build
      Start  1: test_login
 1/21 Test  #1: test_login ........................   Passed    0.09 sec
      Start  2: test_login_wrong_pw_should_fail
 2/21 Test  #2: test_login_wrong_pw_should_fail ...   Passed    0.07 sec
      Start  3: test_add_account
 3/21 Test  #3: test_add_account ..................   Passed    0.16 sec
      Start  4: test_add_note
 4/21 Test  #4: test_add_note .....................   Passed    0.15 sec
      Start  5: test_add_note_with_field
 5/21 Test  #5: test_add_note_with_field ..........   Passed    0.16 sec
      Start  6: test_add_site_note
 6/21 Test  #6: test_add_site_note ................   Passed    0.16 sec
      Start  7: test_add_ssn_name
 7/21 Test  #7: test_add_ssn_name .................   Passed    0.16 sec
      Start  8: test_add_ssh_key
 8/21 Test  #8: test_add_ssh_key ..................   Passed    0.22 sec
      Start  9: test_edit_ssh_key
 9/21 Test  #9: test_edit_ssh_key .................   Passed    0.29 sec
      Start 10: test_edit_username
10/21 Test #10: test_edit_username ................   Passed    0.17 sec
      Start 11: test_edit_field
11/21 Test #11: test_edit_field ...................   Passed    0.16 sec
      Start 12: test_edit_reprompt
12/21 Test #12: test_edit_reprompt ................   Passed    0.25 sec
      Start 13: test_duplicate
13/21 Test #13: test_duplicate ....................   Passed    0.16 sec
      Start 14: test_generate
14/21 Test #14: test_generate .....................   Passed    0.16 sec
      Start 15: test_show
15/21 Test #15: test_show .........................   Passed    0.15 sec
      Start 16: test_show_json
16/21 Test #16: test_show_json ....................   Passed    0.13 sec
      Start 17: test_show_note
17/21 Test #17: test_show_note ....................   Passed    0.15 sec
      Start 18: test_show_reprompt
18/21 Test #18: test_show_reprompt ................   Passed    0.15 sec
      Start 19: test_ls
19/21 Test #19: test_ls ...........................   Passed    0.13 sec
      Start 20: test_export
20/21 Test #20: test_export .......................   Passed    0.16 sec
      Start 21: test_export_extended
21/21 Test #21: test_export_extended ..............   Passed    0.15 sec

100% tests passed, 0 tests failed out of 21

Total Test time (real) =   3.41 sec
travis_time:end:325bac62:start=1564123507857357000,finish=1564123526516098000,duration=18658741000[0K[32;1mThe command "make && make test" exited with 0.[0m



Done. Your build exited with 0.
